Copyright 1986-2022 Xilinx, Inc. All Rights Reserved.
-------------------------------------------------------------------------------------------------------------------------------------------------------------------------
| Tool Version : Vivado v.2022.2 (lin64) Build 3671981 Fri Oct 14 04:59:54 MDT 2022
| Date         : Fri Jul  3 02:27:25 2026
| Host         : barkie1 running 64-bit Ubuntu 22.04.5 LTS
| Command      : report_utilization -hierarchical -hierarchical_depth 4 -file /home/barkie1/mvau_multibranch_synth/compact3ds/m1/reports_top/utilization_placed_hier.rpt
| Design       : top_wrapper
| Device       : xc7z020clg400-1
| Speed File   : -1
| Design State : Fully Placed
-------------------------------------------------------------------------------------------------------------------------------------------------------------------------

Utilization Design Information

Table of Contents
-----------------
1. Utilization by Hierarchy

1. Utilization by Hierarchy
---------------------------

+------------------------------------------------------------------------+----------------------------------------------------------------------------------------------------------------------------------+------------+------------+---------+------+-------+--------+--------+------------+
|                                Instance                                |                                                              Module                                                              | Total LUTs | Logic LUTs | LUTRAMs | SRLs |  FFs  | RAMB36 | RAMB18 | DSP Blocks |
+------------------------------------------------------------------------+----------------------------------------------------------------------------------------------------------------------------------+------------+------------+---------+------+-------+--------+--------+------------+
| top_wrapper                                                            |                                                                                                                            (top) |      39956 |      30685 |    8282 |  989 | 40924 |     82 |      4 |          0 |
|   top_i                                                                |                                                                                                                              top |      39956 |      30685 |    8282 |  989 | 40924 |     82 |      4 |          0 |
|     (top_i)                                                            |                                                                                                                              top |          0 |          0 |       0 |    0 |     0 |      0 |      0 |          0 |
|     StreamingDataflowPartition_1                                       |                                                                                               top_StreamingDataflowPartition_1_0 |      33510 |      25236 |    7652 |  622 | 32388 |     81 |      3 |          0 |
|       inst                                                             |                                                                  top_StreamingDataflowPartition_1_0_StreamingDataflowPartition_1 |      33510 |      25236 |    7652 |  622 | 32388 |     81 |      3 |          0 |
|         StreamingDataflowPartition_1_ConvolutionInputGenerator_rtl_0   |   top_StreamingDataflowPartition_1_0_StreamingDataflowPartition_1_StreamingDataflowPartition_1_ConvolutionInputGenerator_rtl_0_0 |        229 |        165 |      64 |    0 |   100 |      0 |      0 |          0 |
|         StreamingDataflowPartition_1_ConvolutionInputGenerator_rtl_1   |   top_StreamingDataflowPartition_1_0_StreamingDataflowPartition_1_StreamingDataflowPartition_1_ConvolutionInputGenerator_rtl_1_0 |        258 |        170 |      88 |    0 |   113 |      0 |      0 |          0 |
|         StreamingDataflowPartition_1_ConvolutionInputGenerator_rtl_2   |   top_StreamingDataflowPartition_1_0_StreamingDataflowPartition_1_StreamingDataflowPartition_1_ConvolutionInputGenerator_rtl_2_0 |        179 |        135 |      44 |    0 |   103 |      0 |      0 |          0 |
|         StreamingDataflowPartition_1_ConvolutionInputGenerator_rtl_3   |   top_StreamingDataflowPartition_1_0_StreamingDataflowPartition_1_StreamingDataflowPartition_1_ConvolutionInputGenerator_rtl_3_0 |        260 |        172 |      88 |    0 |   111 |      0 |      0 |          0 |
|         StreamingDataflowPartition_1_ConvolutionInputGenerator_rtl_4   |   top_StreamingDataflowPartition_1_0_StreamingDataflowPartition_1_StreamingDataflowPartition_1_ConvolutionInputGenerator_rtl_4_0 |        181 |        137 |      44 |    0 |    96 |      0 |      0 |          0 |
|         StreamingDataflowPartition_1_ConvolutionInputGenerator_rtl_5   |   top_StreamingDataflowPartition_1_0_StreamingDataflowPartition_1_StreamingDataflowPartition_1_ConvolutionInputGenerator_rtl_5_0 |        223 |        135 |      88 |    0 |    96 |      0 |      0 |          0 |
|         StreamingDataflowPartition_1_LabelSelect_hls_0                 |                 top_StreamingDataflowPartition_1_0_StreamingDataflowPartition_1_StreamingDataflowPartition_1_LabelSelect_hls_0_0 |        124 |        124 |       0 |    0 |   128 |      0 |      0 |          0 |
|         StreamingDataflowPartition_1_MVAU_hls_0                        |                                            top_StreamingDataflowPartition_1_0_StreamingDataflowPartition_1_MVAU_hls_0_imp_BWPU8W |        377 |        361 |      16 |    0 |   498 |      0 |      1 |          0 |
|         StreamingDataflowPartition_1_MVAU_hls_1                        |                                            top_StreamingDataflowPartition_1_0_StreamingDataflowPartition_1_MVAU_hls_1_imp_KIE98K |       2714 |       2064 |     650 |    0 |  2912 |      2 |      0 |          0 |
|         StreamingDataflowPartition_1_MVAU_hls_2                        |                                           top_StreamingDataflowPartition_1_0_StreamingDataflowPartition_1_MVAU_hls_2_imp_1TQ8MQW |       2809 |       2069 |     740 |    0 |  2947 |      4 |      0 |          0 |
|         StreamingDataflowPartition_1_MVAU_hls_3                        |                                           top_StreamingDataflowPartition_1_0_StreamingDataflowPartition_1_MVAU_hls_3_imp_13XA618 |       5161 |       3909 |    1252 |    0 |  5174 |      8 |      0 |          0 |
|         StreamingDataflowPartition_1_MVAU_hls_4                        |                                            top_StreamingDataflowPartition_1_0_StreamingDataflowPartition_1_MVAU_hls_4_imp_YTTEI9 |       5645 |       4213 |    1432 |    0 |  5240 |     16 |      0 |          0 |
|         StreamingDataflowPartition_1_MVAU_hls_5                        |                                            top_StreamingDataflowPartition_1_0_StreamingDataflowPartition_1_MVAU_hls_5_imp_8GQNPX |      10963 |       8037 |    2926 |    0 |  9741 |     32 |      0 |          0 |
|         StreamingDataflowPartition_1_MVAU_hls_6                        |                                           top_StreamingDataflowPartition_1_0_StreamingDataflowPartition_1_MVAU_hls_6_imp_1G1A9YX |        476 |        380 |      96 |    0 |   466 |      4 |      0 |          0 |
|         StreamingDataflowPartition_1_MVAU_hls_7                        |                                           top_StreamingDataflowPartition_1_0_StreamingDataflowPartition_1_MVAU_hls_7_imp_1O336XP |        580 |        468 |     112 |    0 |   841 |      8 |      0 |          0 |
|         StreamingDataflowPartition_1_MVAU_hls_8                        |                                           top_StreamingDataflowPartition_1_0_StreamingDataflowPartition_1_MVAU_hls_8_imp_10OO4HU |       1407 |       1395 |      12 |    0 |   833 |      1 |      0 |          0 |
|         StreamingDataflowPartition_1_StreamingDataWidthConverter_rtl_0 | top_StreamingDataflowPartition_1_0_StreamingDataflowPartition_1_StreamingDataflowPartition_1_StreamingDataWidthConverter_rtl_0_0 |          8 |          8 |       0 |    0 |    36 |      0 |      0 |          0 |
|         StreamingDataflowPartition_1_StreamingDataWidthConverter_rtl_1 | top_StreamingDataflowPartition_1_0_StreamingDataflowPartition_1_StreamingDataflowPartition_1_StreamingDataWidthConverter_rtl_1_0 |          8 |          8 |       0 |    0 |    40 |      0 |      0 |          0 |
|         StreamingDataflowPartition_1_StreamingDataWidthConverter_rtl_2 | top_StreamingDataflowPartition_1_0_StreamingDataflowPartition_1_StreamingDataflowPartition_1_StreamingDataWidthConverter_rtl_2_0 |         10 |         10 |       0 |    0 |    73 |      0 |      0 |          0 |
|         StreamingDataflowPartition_1_StreamingDataWidthConverter_rtl_3 | top_StreamingDataflowPartition_1_0_StreamingDataflowPartition_1_StreamingDataflowPartition_1_StreamingDataWidthConverter_rtl_3_0 |         35 |         35 |       0 |    0 |   132 |      0 |      0 |          0 |
|         StreamingDataflowPartition_1_StreamingDataWidthConverter_rtl_4 | top_StreamingDataflowPartition_1_0_StreamingDataflowPartition_1_StreamingDataflowPartition_1_StreamingDataWidthConverter_rtl_4_0 |          7 |          7 |       0 |    0 |    40 |      0 |      0 |          0 |
|         StreamingDataflowPartition_1_StreamingDataWidthConverter_rtl_5 | top_StreamingDataflowPartition_1_0_StreamingDataflowPartition_1_StreamingDataflowPartition_1_StreamingDataWidthConverter_rtl_5_0 |         12 |         12 |       0 |    0 |   138 |      0 |      0 |          0 |
|         StreamingDataflowPartition_1_StreamingDataWidthConverter_rtl_6 | top_StreamingDataflowPartition_1_0_StreamingDataflowPartition_1_StreamingDataflowPartition_1_StreamingDataWidthConverter_rtl_6_0 |         68 |         68 |       0 |    0 |   197 |      0 |      0 |          0 |
|         StreamingDataflowPartition_1_StreamingDataWidthConverter_rtl_7 | top_StreamingDataflowPartition_1_0_StreamingDataflowPartition_1_StreamingDataflowPartition_1_StreamingDataWidthConverter_rtl_7_0 |          7 |          7 |       0 |    0 |    40 |      0 |      0 |          0 |
|         StreamingDataflowPartition_1_StreamingDataWidthConverter_rtl_8 | top_StreamingDataflowPartition_1_0_StreamingDataflowPartition_1_StreamingDataflowPartition_1_StreamingDataWidthConverter_rtl_8_0 |          5 |          5 |       0 |    0 |     9 |      0 |      0 |          0 |
|         StreamingDataflowPartition_1_StreamingDataWidthConverter_rtl_9 | top_StreamingDataflowPartition_1_0_StreamingDataflowPartition_1_StreamingDataflowPartition_1_StreamingDataWidthConverter_rtl_9_0 |          7 |          7 |       0 |    0 |    14 |      0 |      0 |          0 |
|         StreamingDataflowPartition_1_StreamingFIFO_rtl_0               |               top_StreamingDataflowPartition_1_0_StreamingDataflowPartition_1_StreamingDataflowPartition_1_StreamingFIFO_rtl_0_0 |        153 |         57 |       0 |   96 |    36 |      0 |      0 |          0 |
|         StreamingDataflowPartition_1_StreamingFIFO_rtl_1               |               top_StreamingDataflowPartition_1_0_StreamingDataflowPartition_1_StreamingDataflowPartition_1_StreamingFIFO_rtl_1_0 |        193 |         65 |       0 |  128 |    44 |      0 |      0 |          0 |
|         StreamingDataflowPartition_1_StreamingFIFO_rtl_2               |               top_StreamingDataflowPartition_1_0_StreamingDataflowPartition_1_StreamingDataflowPartition_1_StreamingFIFO_rtl_2_0 |        193 |         65 |       0 |  128 |    44 |      0 |      0 |          0 |
|         StreamingDataflowPartition_1_StreamingFIFO_rtl_3               |               top_StreamingDataflowPartition_1_0_StreamingDataflowPartition_1_StreamingDataflowPartition_1_StreamingFIFO_rtl_3_0 |        193 |         65 |       0 |  128 |    44 |      0 |      0 |          0 |
|         StreamingDataflowPartition_1_StreamingFIFO_rtl_4               |               top_StreamingDataflowPartition_1_0_StreamingDataflowPartition_1_StreamingDataflowPartition_1_StreamingFIFO_rtl_4_0 |        180 |         84 |       0 |   96 |    44 |      0 |      0 |          0 |
|         StreamingDataflowPartition_1_StreamingFIFO_rtl_5               |               top_StreamingDataflowPartition_1_0_StreamingDataflowPartition_1_StreamingDataflowPartition_1_StreamingFIFO_rtl_5_0 |         71 |         39 |       0 |   32 |    20 |      0 |      0 |          0 |
|         StreamingDataflowPartition_1_StreamingFIFO_rtl_6               |               top_StreamingDataflowPartition_1_0_StreamingDataflowPartition_1_StreamingDataflowPartition_1_StreamingFIFO_rtl_6_0 |         11 |         11 |       0 |    0 |    10 |      0 |      0 |          0 |
|         StreamingDataflowPartition_1_StreamingMaxPool_hls_0            |            top_StreamingDataflowPartition_1_0_StreamingDataflowPartition_1_StreamingDataflowPartition_1_StreamingMaxPool_hls_0_0 |        244 |        244 |       0 |    0 |   516 |      2 |      0 |          0 |
|         StreamingDataflowPartition_1_StreamingMaxPool_hls_1            |            top_StreamingDataflowPartition_1_0_StreamingDataflowPartition_1_StreamingDataflowPartition_1_StreamingMaxPool_hls_1_0 |        450 |        450 |       0 |    0 |   953 |      4 |      0 |          0 |
|         StreamingDataflowPartition_1_Thresholding_rtl_0                |                top_StreamingDataflowPartition_1_0_StreamingDataflowPartition_1_StreamingDataflowPartition_1_Thresholding_rtl_0_0 |         71 |         57 |       0 |   14 |   243 |      0 |      2 |          0 |
|         adapter_cfg_hub_0                                              |                                              top_StreamingDataflowPartition_1_0_StreamingDataflowPartition_1_adapter_cfg_hub_0_0 |         20 |         20 |       0 |    0 |   316 |      0 |      0 |          0 |
|     axi_interconnect_0                                                 |                                                                                                         top_axi_interconnect_0_0 |        545 |        484 |       0 |   61 |   678 |      0 |      0 |          0 |
|       s00_couplers                                                     |                                                                                                         s00_couplers_imp_1NKMOJO |        409 |        348 |       0 |   61 |   550 |      0 |      0 |          0 |
|         auto_pc                                                        |                                                                                                                    top_auto_pc_0 |        409 |        348 |       0 |   61 |   550 |      0 |      0 |          0 |
|       xbar                                                             |                                                                                                                       top_xbar_0 |        136 |        136 |       0 |    0 |   128 |      0 |      0 |          0 |
|         inst                                                           |                                                                                     top_xbar_0_axi_crossbar_v2_1_28_axi_crossbar |        136 |        136 |       0 |    0 |   128 |      0 |      0 |          0 |
|     idma0                                                              |                                                                                                                      top_idma0_0 |       1032 |        995 |       0 |   37 |  1617 |      1 |      0 |          0 |
|       (idma0)                                                          |                                                                                                                      top_idma0_0 |          0 |          0 |       0 |    0 |     0 |      0 |      0 |          0 |
|       inst                                                             |                                                                                         top_idma0_0_StreamingDataflowPartition_0 |       1032 |        995 |       0 |   37 |  1617 |      1 |      0 |          0 |
|         StreamingDataflowPartition_0_IODMA_hls_0                       |                                              top_idma0_0_StreamingDataflowPartition_0_StreamingDataflowPartition_0_IODMA_hls_0_0 |       1032 |        995 |       0 |   37 |  1617 |      1 |      0 |          0 |
|     odma0                                                              |                                                                                                                      top_odma0_0 |        942 |        831 |       0 |  111 |  1448 |      0 |      1 |          0 |
|       (odma0)                                                          |                                                                                                                      top_odma0_0 |          0 |          0 |       0 |    0 |     0 |      0 |      0 |          0 |
|       inst                                                             |                                                                                         top_odma0_0_StreamingDataflowPartition_2 |        942 |        831 |       0 |  111 |  1448 |      0 |      1 |          0 |
|         StreamingDataflowPartition_2_IODMA_hls_0                       |                                              top_odma0_0_StreamingDataflowPartition_2_StreamingDataflowPartition_2_IODMA_hls_0_0 |        942 |        831 |       0 |  111 |  1448 |      0 |      1 |          0 |
|     rst_zynq_ps_100M                                                   |                                                                                                           top_rst_zynq_ps_100M_0 |         17 |         16 |       0 |    1 |    43 |      0 |      0 |          0 |
|       U0                                                               |                                                                                            top_rst_zynq_ps_100M_0_proc_sys_reset |         17 |         16 |       0 |    1 |    43 |      0 |      0 |          0 |
|         (U0)                                                           |                                                                                            top_rst_zynq_ps_100M_0_proc_sys_reset |          0 |          0 |       0 |    0 |    11 |      0 |      0 |          0 |
|         EXT_LPF                                                        |                                                                                                       top_rst_zynq_ps_100M_0_lpf |          5 |          4 |       0 |    1 |    17 |      0 |      0 |          0 |
|         SEQ                                                            |                                                                                              top_rst_zynq_ps_100M_0_sequence_psr |         12 |         12 |       0 |    0 |    15 |      0 |      0 |          0 |
|     smartconnect_0                                                     |                                                                                                             top_smartconnect_0_0 |       3913 |       3126 |     630 |  157 |  4750 |      0 |      0 |          0 |
|       (smartconnect_0)                                                 |                                                                                                             top_smartconnect_0_0 |          0 |          0 |       0 |    0 |     0 |      0 |      0 |          0 |
|       inst                                                             |                                                                                                     top_smartconnect_0_0_bd_acc6 |       3913 |       3126 |     630 |  157 |  4750 |      0 |      0 |          0 |
|         clk_map                                                        |                                                                                          top_smartconnect_0_0_clk_map_imp_RP3AMW |         13 |         12 |       0 |    1 |    22 |      0 |      0 |          0 |
|         m00_exit_pipeline                                              |                                                                               top_smartconnect_0_0_m00_exit_pipeline_imp_1755AO3 |        603 |        582 |       0 |   21 |   949 |      0 |      0 |          0 |
|         m00_nodes                                                      |                                                                                       top_smartconnect_0_0_m00_nodes_imp_1KEITF3 |        652 |        416 |     234 |    2 |   602 |      0 |      0 |          0 |
|         m00_sc2axi                                                     |                                                                                            top_smartconnect_0_0_bd_acc6_m00s2a_0 |          0 |          0 |       0 |    0 |     0 |      0 |      0 |          0 |
|         s00_axi2sc                                                     |                                                                                            top_smartconnect_0_0_bd_acc6_s00a2s_0 |          0 |          0 |       0 |    0 |     0 |      0 |      0 |          0 |
|         s00_entry_pipeline                                             |                                                                               top_smartconnect_0_0_s00_entry_pipeline_imp_6R12KG |        759 |        678 |       0 |   81 |   893 |      0 |      0 |          0 |
|         s00_nodes                                                      |                                                                                        top_smartconnect_0_0_s00_nodes_imp_3V4TWA |        577 |        357 |     220 |    0 |   568 |      0 |      0 |          0 |
|         s01_axi2sc                                                     |                                                                                            top_smartconnect_0_0_bd_acc6_s01a2s_0 |          0 |          0 |       0 |    0 |     0 |      0 |      0 |          0 |
|         s01_entry_pipeline                                             |                                                                              top_smartconnect_0_0_s01_entry_pipeline_imp_10E29W4 |        661 |        609 |       0 |   52 |   809 |      0 |      0 |          0 |
|         s01_nodes                                                      |                                                                                       top_smartconnect_0_0_s01_nodes_imp_1477AY4 |        534 |        358 |     176 |    0 |   592 |      0 |      0 |          0 |
|         switchboards                                                   |                                                                                     top_smartconnect_0_0_switchboards_imp_SBVKUM |        123 |        123 |       0 |    0 |   315 |      0 |      0 |          0 |
|     zynq_ps                                                            |                                                                                                                    top_zynq_ps_0 |          0 |          0 |       0 |    0 |     0 |      0 |      0 |          0 |
|       inst                                                             |                                                                         top_zynq_ps_0_processing_system7_v5_5_processing_system7 |          0 |          0 |       0 |    0 |     0 |      0 |      0 |          0 |
+------------------------------------------------------------------------+----------------------------------------------------------------------------------------------------------------------------------+------------+------------+---------+------+-------+--------+--------+------------+
* Note: The sum of lower-level cells may be larger than their parent cells total, due to cross-hierarchy LUT combining


