Copyright 1986-2022 Xilinx, Inc. All Rights Reserved.
------------------------------------------------------------------------------------------------------------------------------------------------------------------------
| Tool Version : Vivado v.2022.2 (lin64) Build 3671981 Fri Oct 14 04:59:54 MDT 2022
| Date         : Fri Jul  3 02:35:46 2026
| Host         : barkie1 running 64-bit Ubuntu 22.04.5 LTS
| Command      : report_utilization -hierarchical -hierarchical_depth 4 -file /home/barkie1/mvau_multibranch_synth/compact3ds/m2/reports_top/utilization_synth_hier.rpt
| Design       : top_wrapper
| Device       : xc7z020clg400-1
| Speed File   : -1
| Design State : Synthesized
------------------------------------------------------------------------------------------------------------------------------------------------------------------------

Utilization Design Information

Table of Contents
-----------------
1. Utilization by Hierarchy

1. Utilization by Hierarchy
---------------------------

+--------------------------------------------------+-------------------------------------------------------------------------------------+------------+------------+---------+------+-------+--------+--------+------------+
|                     Instance                     |                                        Module                                       | Total LUTs | Logic LUTs | LUTRAMs | SRLs |  FFs  | RAMB36 | RAMB18 | DSP Blocks |
+--------------------------------------------------+-------------------------------------------------------------------------------------+------------+------------+---------+------+-------+--------+--------+------------+
| top_wrapper                                      |                                                                               (top) |      71841 |      45508 |   24994 | 1339 | 60390 |     82 |      4 |          0 |
|   top_i                                          |                                                                                 top |      71841 |      45508 |   24994 | 1339 | 60390 |     82 |      4 |          0 |
|     (top_i)                                      |                                                                                 top |          0 |          0 |       0 |    0 |     0 |      0 |      0 |          0 |
|     StreamingDataflowPartition_1                 |                                                  top_StreamingDataflowPartition_1_0 |      63633 |      38710 |   24298 |  625 | 49868 |     81 |      3 |          0 |
|       (StreamingDataflowPartition_1)             |                                                  top_StreamingDataflowPartition_1_0 |          0 |          0 |       0 |    0 |     0 |      0 |      0 |          0 |
|       inst                                       |             top_StreamingDataflowPartition_1_0_StreamingDataflowPartition_1_wrapper |      63633 |      38710 |   24298 |  625 | 49868 |     81 |      3 |          0 |
|         (inst)                                   |             top_StreamingDataflowPartition_1_0_StreamingDataflowPartition_1_wrapper |        103 |        103 |       0 |    0 |     0 |      0 |      0 |          0 |
|         StreamingDataflowPartition_1_i           |                     top_StreamingDataflowPartition_1_0_StreamingDataflowPartition_1 |      63530 |      38607 |   24298 |  625 | 49868 |     81 |      3 |          0 |
|     axi_interconnect_0                           |                                                            top_axi_interconnect_0_0 |        564 |        499 |       0 |   65 |   693 |      0 |      0 |          0 |
|       (axi_interconnect_0)                       |                                                            top_axi_interconnect_0_0 |          0 |          0 |       0 |    0 |     0 |      0 |      0 |          0 |
|       s00_couplers                               |                                                            s00_couplers_imp_1NKMOJO |        421 |        356 |       0 |   65 |   562 |      0 |      0 |          0 |
|         auto_pc                                  |                                                                       top_auto_pc_0 |        421 |        356 |       0 |   65 |   562 |      0 |      0 |          0 |
|       xbar                                       |                                                                          top_xbar_0 |        143 |        143 |       0 |    0 |   131 |      0 |      0 |          0 |
|         (xbar)                                   |                                                                          top_xbar_0 |          0 |          0 |       0 |    0 |     0 |      0 |      0 |          0 |
|         inst                                     |                                        top_xbar_0_axi_crossbar_v2_1_28_axi_crossbar |        143 |        143 |       0 |    0 |   131 |      0 |      0 |          0 |
|     idma0                                        |                                                                         top_idma0_0 |       1072 |       1006 |       0 |   66 |  1617 |      1 |      0 |          0 |
|       (idma0)                                    |                                                                         top_idma0_0 |          0 |          0 |       0 |    0 |     0 |      0 |      0 |          0 |
|       inst                                       |                                            top_idma0_0_StreamingDataflowPartition_0 |       1072 |       1006 |       0 |   66 |  1617 |      1 |      0 |          0 |
|         (inst)                                   |                                            top_idma0_0_StreamingDataflowPartition_0 |          0 |          0 |       0 |    0 |     0 |      0 |      0 |          0 |
|         StreamingDataflowPartition_0_IODMA_hls_0 | top_idma0_0_StreamingDataflowPartition_0_StreamingDataflowPartition_0_IODMA_hls_0_0 |       1072 |       1006 |       0 |   66 |  1617 |      1 |      0 |          0 |
|     odma0                                        |                                                                         top_odma0_0 |       1062 |        853 |       0 |  209 |  1460 |      0 |      1 |          0 |
|       (odma0)                                    |                                                                         top_odma0_0 |          0 |          0 |       0 |    0 |     0 |      0 |      0 |          0 |
|       inst                                       |                                            top_odma0_0_StreamingDataflowPartition_2 |       1062 |        853 |       0 |  209 |  1460 |      0 |      1 |          0 |
|         (inst)                                   |                                            top_odma0_0_StreamingDataflowPartition_2 |          0 |          0 |       0 |    0 |     0 |      0 |      0 |          0 |
|         StreamingDataflowPartition_2_IODMA_hls_0 | top_odma0_0_StreamingDataflowPartition_2_StreamingDataflowPartition_2_IODMA_hls_0_0 |       1062 |        853 |       0 |  209 |  1460 |      0 |      1 |          0 |
|     rst_zynq_ps_100M                             |                                                              top_rst_zynq_ps_100M_0 |         19 |         18 |       0 |    1 |    40 |      0 |      0 |          0 |
|       U0                                         |                                               top_rst_zynq_ps_100M_0_proc_sys_reset |         19 |         18 |       0 |    1 |    40 |      0 |      0 |          0 |
|         (U0)                                     |                                               top_rst_zynq_ps_100M_0_proc_sys_reset |          0 |          0 |       0 |    0 |     5 |      0 |      0 |          0 |
|         EXT_LPF                                  |                                                          top_rst_zynq_ps_100M_0_lpf |          6 |          5 |       0 |    1 |    17 |      0 |      0 |          0 |
|         SEQ                                      |                                                 top_rst_zynq_ps_100M_0_sequence_psr |         13 |         13 |       0 |    0 |    18 |      0 |      0 |          0 |
|     smartconnect_0                               |                                                                top_smartconnect_0_0 |       5467 |       4398 |     696 |  373 |  6712 |      0 |      0 |          0 |
|       (smartconnect_0)                           |                                                                top_smartconnect_0_0 |          0 |          0 |       0 |    0 |     0 |      0 |      0 |          0 |
|       inst                                       |                                                        top_smartconnect_0_0_bd_acc6 |       5467 |       4398 |     696 |  373 |  6712 |      0 |      0 |          0 |
|         (inst)                                   |                                                        top_smartconnect_0_0_bd_acc6 |          0 |          0 |       0 |    0 |     0 |      0 |      0 |          0 |
|         clk_map                                  |                                             top_smartconnect_0_0_clk_map_imp_RP3AMW |         13 |         12 |       0 |    1 |    22 |      0 |      0 |          0 |
|         m00_exit_pipeline                        |                                  top_smartconnect_0_0_m00_exit_pipeline_imp_1755AO3 |        636 |        615 |       0 |   21 |   956 |      0 |      0 |          0 |
|         m00_nodes                                |                                          top_smartconnect_0_0_m00_nodes_imp_1KEITF3 |        683 |        441 |     240 |    2 |   624 |      0 |      0 |          0 |
|         m00_sc2axi                               |                                               top_smartconnect_0_0_bd_acc6_m00s2a_0 |          0 |          0 |       0 |    0 |     0 |      0 |      0 |          0 |
|         s00_axi2sc                               |                                               top_smartconnect_0_0_bd_acc6_s00a2s_0 |          0 |          0 |       0 |    0 |     0 |      0 |      0 |          0 |
|         s00_entry_pipeline                       |                                  top_smartconnect_0_0_s00_entry_pipeline_imp_6R12KG |       1492 |       1283 |       0 |  209 |  1919 |      0 |      0 |          0 |
|         s00_nodes                                |                                           top_smartconnect_0_0_s00_nodes_imp_3V4TWA |        608 |        380 |     228 |    0 |   588 |      0 |      0 |          0 |
|         s01_axi2sc                               |                                               top_smartconnect_0_0_bd_acc6_s01a2s_0 |          0 |          0 |       0 |    0 |     0 |      0 |      0 |          0 |
|         s01_entry_pipeline                       |                                 top_smartconnect_0_0_s01_entry_pipeline_imp_10E29W4 |       1265 |       1125 |       0 |  140 |  1602 |      0 |      0 |          0 |
|         s01_nodes                                |                                          top_smartconnect_0_0_s01_nodes_imp_1477AY4 |        647 |        419 |     228 |    0 |   680 |      0 |      0 |          0 |
|         switchboards                             |                                        top_smartconnect_0_0_switchboards_imp_SBVKUM |        123 |        123 |       0 |    0 |   321 |      0 |      0 |          0 |
|     zynq_ps                                      |                                                                       top_zynq_ps_0 |         24 |         24 |       0 |    0 |     0 |      0 |      0 |          0 |
|       (zynq_ps)                                  |                                                                       top_zynq_ps_0 |          0 |          0 |       0 |    0 |     0 |      0 |      0 |          0 |
|       inst                                       |                            top_zynq_ps_0_processing_system7_v5_5_processing_system7 |         24 |         24 |       0 |    0 |     0 |      0 |      0 |          0 |
+--------------------------------------------------+-------------------------------------------------------------------------------------+------------+------------+---------+------+-------+--------+--------+------------+


