Copyright 1986-2022 Xilinx, Inc. All Rights Reserved.
------------------------------------------------------------------------------------------------------------------------------------------
| Tool Version : Vivado v.2022.2 (lin64) Build 3671981 Fri Oct 14 04:59:54 MDT 2022
| Date         : Fri Jul  3 02:54:55 2026
| Host         : barkie1 running 64-bit Ubuntu 22.04.5 LTS
| Command      : report_timing_summary -max_paths 3 -file /home/barkie1/mvau_multibranch_synth/compact3ds/m3/reports_top/timing_synth.rpt
| Design       : top_wrapper
| Device       : 7z020-clg400
| Speed File   : -1  PRODUCTION 1.12 2019-11-22
------------------------------------------------------------------------------------------------------------------------------------------

Timing Summary Report

------------------------------------------------------------------------------------------------
| Timer Settings
| --------------
------------------------------------------------------------------------------------------------

  Enable Multi Corner Analysis               :  Yes
  Enable Pessimism Removal                   :  Yes
  Pessimism Removal Resolution               :  Nearest Common Node
  Enable Input Delay Default Clock           :  No
  Enable Preset / Clear Arcs                 :  No
  Disable Flight Delays                      :  No
  Ignore I/O Paths                           :  No
  Timing Early Launch at Borrowing Latches   :  No
  Borrow Time for Max Delay Exceptions       :  Yes
  Merge Timing Exceptions                    :  Yes

  Corner  Analyze    Analyze    
  Name    Max Paths  Min Paths  
  ------  ---------  ---------  
  Slow    Yes        Yes        
  Fast    Yes        Yes        


------------------------------------------------------------------------------------------------
| Report Methodology
| ------------------
------------------------------------------------------------------------------------------------

No report available as report_methodology has not been run prior. Run report_methodology on the current design for the summary of methodology violations.



check_timing report

Table of Contents
-----------------
1. checking no_clock (0)
2. checking constant_clock (0)
3. checking pulse_width_clock (0)
4. checking unconstrained_internal_endpoints (0)
5. checking no_input_delay (0)
6. checking no_output_delay (0)
7. checking multiple_clock (0)
8. checking generated_clocks (0)
9. checking loops (0)
10. checking partial_input_delay (0)
11. checking partial_output_delay (0)
12. checking latch_loops (0)

1. checking no_clock (0)
------------------------
 There are 0 register/latch pins with no clock.


2. checking constant_clock (0)
------------------------------
 There are 0 register/latch pins with constant_clock.


3. checking pulse_width_clock (0)
---------------------------------
 There are 0 register/latch pins which need pulse_width check


4. checking unconstrained_internal_endpoints (0)
------------------------------------------------
 There are 0 pins that are not constrained for maximum delay.

 There are 0 pins that are not constrained for maximum delay due to constant clock.


5. checking no_input_delay (0)
------------------------------
 There are 0 input ports with no input delay specified.

 There are 0 input ports with no input delay but user has a false path constraint.


6. checking no_output_delay (0)
-------------------------------
 There are 0 ports with no output delay specified.

 There are 0 ports with no output delay but user has a false path constraint

 There are 0 ports with no output delay but with a timing clock defined on it or propagating through it


7. checking multiple_clock (0)
------------------------------
 There are 0 register/latch pins with multiple clocks.


8. checking generated_clocks (0)
--------------------------------
 There are 0 generated clocks that are not connected to a clock source.


9. checking loops (0)
---------------------
 There are 0 combinational loops in the design.


10. checking partial_input_delay (0)
------------------------------------
 There are 0 input ports with partial input delay specified.


11. checking partial_output_delay (0)
-------------------------------------
 There are 0 ports with partial output delay specified.


12. checking latch_loops (0)
----------------------------
 There are 0 combinational latch loops in the design through latch input



------------------------------------------------------------------------------------------------
| Design Timing Summary
| ---------------------
------------------------------------------------------------------------------------------------

    WNS(ns)      TNS(ns)  TNS Failing Endpoints  TNS Total Endpoints      WHS(ns)      THS(ns)  THS Failing Endpoints  THS Total Endpoints     WPWS(ns)     TPWS(ns)  TPWS Failing Endpoints  TPWS Total Endpoints  
    -------      -------  ---------------------  -------------------      -------      -------  ---------------------  -------------------     --------     --------  ----------------------  --------------------  
      1.353        0.000                      0               379570        0.039        0.000                      0               379570        3.750        0.000                       0                116542  


All user specified timing constraints are met.


------------------------------------------------------------------------------------------------
| Clock Summary
| -------------
------------------------------------------------------------------------------------------------

Clock       Waveform(ns)       Period(ns)      Frequency(MHz)
-----       ------------       ----------      --------------
clk_fpga_0  {0.000 5.000}      10.000          100.000         


------------------------------------------------------------------------------------------------
| Intra Clock Table
| -----------------
------------------------------------------------------------------------------------------------

Clock             WNS(ns)      TNS(ns)  TNS Failing Endpoints  TNS Total Endpoints      WHS(ns)      THS(ns)  THS Failing Endpoints  THS Total Endpoints     WPWS(ns)     TPWS(ns)  TPWS Failing Endpoints  TPWS Total Endpoints  
-----             -------      -------  ---------------------  -------------------      -------      -------  ---------------------  -------------------     --------     --------  ----------------------  --------------------  
clk_fpga_0          1.353        0.000                      0               379568        0.039        0.000                      0               379568        3.750        0.000                       0                116542  


------------------------------------------------------------------------------------------------
| Inter Clock Table
| -----------------
------------------------------------------------------------------------------------------------

From Clock    To Clock          WNS(ns)      TNS(ns)  TNS Failing Endpoints  TNS Total Endpoints      WHS(ns)      THS(ns)  THS Failing Endpoints  THS Total Endpoints  
----------    --------          -------      -------  ---------------------  -------------------      -------      -------  ---------------------  -------------------  


------------------------------------------------------------------------------------------------
| Other Path Groups Table
| -----------------------
------------------------------------------------------------------------------------------------

Path Group         From Clock         To Clock               WNS(ns)      TNS(ns)  TNS Failing Endpoints  TNS Total Endpoints      WHS(ns)      THS(ns)  THS Failing Endpoints  THS Total Endpoints  
----------         ----------         --------               -------      -------  ---------------------  -------------------      -------      -------  ---------------------  -------------------  
**async_default**  clk_fpga_0         clk_fpga_0               7.292        0.000                      0                    2        0.729        0.000                      0                    2  


------------------------------------------------------------------------------------------------
| Timing Details
| --------------
------------------------------------------------------------------------------------------------


---------------------------------------------------------------------------------------------------
From Clock:  clk_fpga_0
  To Clock:  clk_fpga_0

Setup :            0  Failing Endpoints,  Worst Slack        1.353ns,  Total Violation        0.000ns
Hold  :            0  Failing Endpoints,  Worst Slack        0.039ns,  Total Violation        0.000ns
PW    :            0  Failing Endpoints,  Worst Slack        3.750ns,  Total Violation        0.000ns
---------------------------------------------------------------------------------------------------


Max Delay Paths
--------------------------------------------------------------------------------------
Slack (MET) :             1.353ns  (required time - arrival time)
  Source:                 top_i/StreamingDataflowPartition_1/inst/StreamingDataflowPartition_1_i/StreamingDataflowPartition_1_MVAU_hls_7/StreamingDataflowPartition_1_MVAU_hls_7/inst/grp_Matrix_Vector_Activate_Stream_Batch_fu_32/sf_fu_192_reg[0]/C
                            (rising edge-triggered cell FDRE clocked by clk_fpga_0  {rise@0.000ns fall@5.000ns period=10.000ns})
  Destination:            top_i/StreamingDataflowPartition_1/inst/StreamingDataflowPartition_1_i/StreamingDataflowPartition_1_MVAU_hls_7/StreamingDataflowPartition_1_MVAU_hls_7/inst/grp_Matrix_Vector_Activate_Stream_Batch_fu_32/nf_1_fu_460_reg[0]/R
                            (rising edge-triggered cell FDRE clocked by clk_fpga_0  {rise@0.000ns fall@5.000ns period=10.000ns})
  Path Group:             clk_fpga_0
  Path Type:              Setup (Max at Slow Process Corner)
  Requirement:            10.000ns  (clk_fpga_0 rise@10.000ns - clk_fpga_0 rise@0.000ns)
  Data Path Delay:        7.791ns  (logic 2.875ns (36.902%)  route 4.916ns (63.098%))
  Logic Levels:           11  (CARRY4=6 LUT3=1 LUT4=1 LUT5=2 LUT6=1)
  Clock Path Skew:        -0.145ns (DCD - SCD + CPR)
    Destination Clock Delay (DCD):    1.505ns = ( 11.505 - 10.000 ) 
    Source Clock Delay      (SCD):    1.700ns
    Clock Pessimism Removal (CPR):    0.050ns
  Clock Uncertainty:      0.154ns  ((TSJ^2 + TIJ^2)^1/2 + DJ) / 2 + PE
    Total System Jitter     (TSJ):    0.071ns
    Total Input Jitter      (TIJ):    0.300ns
    Discrete Jitter          (DJ):    0.000ns
    Phase Error              (PE):    0.000ns

    Location             Delay type                Incr(ns)  Path(ns)    Netlist Resource(s)
  -------------------------------------------------------------------    -------------------
                         (clock clk_fpga_0 rise edge)
                                                      0.000     0.000 r  
    PS7_X0Y0             PS7                          0.000     0.000 r  top_i/zynq_ps/inst/PS7_i/FCLKCLK[0]
                         net (fo=1, unplaced)         0.800     0.800    top_i/zynq_ps/inst/FCLK_CLK_unbuffered[0]
                         BUFG (Prop_bufg_I_O)         0.101     0.901 r  top_i/zynq_ps/inst/buffer_fclk_clk_0.FCLK_CLK_0_BUFG/O
                         net (fo=116543, unplaced)    0.800     1.700    top_i/StreamingDataflowPartition_1/inst/StreamingDataflowPartition_1_i/StreamingDataflowPartition_1_MVAU_hls_7/StreamingDataflowPartition_1_MVAU_hls_7/inst/grp_Matrix_Vector_Activate_Stream_Batch_fu_32/ap_clk
                         FDRE                                         r  top_i/StreamingDataflowPartition_1/inst/StreamingDataflowPartition_1_i/StreamingDataflowPartition_1_MVAU_hls_7/StreamingDataflowPartition_1_MVAU_hls_7/inst/grp_Matrix_Vector_Activate_Stream_Batch_fu_32/sf_fu_192_reg[0]/C
  -------------------------------------------------------------------    -------------------
                         FDRE (Prop_fdre_C_Q)         0.478     2.178 r  top_i/StreamingDataflowPartition_1/inst/StreamingDataflowPartition_1_i/StreamingDataflowPartition_1_MVAU_hls_7/StreamingDataflowPartition_1_MVAU_hls_7/inst/grp_Matrix_Vector_Activate_Stream_Batch_fu_32/sf_fu_192_reg[0]/Q
                         net (fo=2, unplaced)         0.752     2.930    top_i/StreamingDataflowPartition_1/inst/StreamingDataflowPartition_1_i/StreamingDataflowPartition_1_MVAU_hls_7/StreamingDataflowPartition_1_MVAU_hls_7/inst/grp_Matrix_Vector_Activate_Stream_Batch_fu_32/flow_control_loop_pipe_sequential_init_U/sf_fu_192_reg[31][0]
                         LUT3 (Prop_lut3_I0_O)        0.295     3.225 r  top_i/StreamingDataflowPartition_1/inst/StreamingDataflowPartition_1_i/StreamingDataflowPartition_1_MVAU_hls_7/StreamingDataflowPartition_1_MVAU_hls_7/inst/grp_Matrix_Vector_Activate_Stream_Batch_fu_32/flow_control_loop_pipe_sequential_init_U/sf_2_fu_1615_p2_carry_i_1/O
                         net (fo=1, unplaced)         0.333     3.558    top_i/StreamingDataflowPartition_1/inst/StreamingDataflowPartition_1_i/StreamingDataflowPartition_1_MVAU_hls_7/StreamingDataflowPartition_1_MVAU_hls_7/inst/grp_Matrix_Vector_Activate_Stream_Batch_fu_32/ap_sig_allocacmp_sf_1[0]
                         CARRY4 (Prop_carry4_CYINIT_CO[3])
                                                      0.595     4.153 r  top_i/StreamingDataflowPartition_1/inst/StreamingDataflowPartition_1_i/StreamingDataflowPartition_1_MVAU_hls_7/StreamingDataflowPartition_1_MVAU_hls_7/inst/grp_Matrix_Vector_Activate_Stream_Batch_fu_32/sf_2_fu_1615_p2_carry/CO[3]
                         net (fo=1, unplaced)         0.009     4.162    top_i/StreamingDataflowPartition_1/inst/StreamingDataflowPartition_1_i/StreamingDataflowPartition_1_MVAU_hls_7/StreamingDataflowPartition_1_MVAU_hls_7/inst/grp_Matrix_Vector_Activate_Stream_Batch_fu_32/sf_2_fu_1615_p2_carry_n_3
                         CARRY4 (Prop_carry4_CI_CO[3])
                                                      0.117     4.279 r  top_i/StreamingDataflowPartition_1/inst/StreamingDataflowPartition_1_i/StreamingDataflowPartition_1_MVAU_hls_7/StreamingDataflowPartition_1_MVAU_hls_7/inst/grp_Matrix_Vector_Activate_Stream_Batch_fu_32/sf_2_fu_1615_p2_carry__0/CO[3]
                         net (fo=1, unplaced)         0.000     4.279    top_i/StreamingDataflowPartition_1/inst/StreamingDataflowPartition_1_i/StreamingDataflowPartition_1_MVAU_hls_7/StreamingDataflowPartition_1_MVAU_hls_7/inst/grp_Matrix_Vector_Activate_Stream_Batch_fu_32/sf_2_fu_1615_p2_carry__0_n_3
                         CARRY4 (Prop_carry4_CI_CO[3])
                                                      0.117     4.396 r  top_i/StreamingDataflowPartition_1/inst/StreamingDataflowPartition_1_i/StreamingDataflowPartition_1_MVAU_hls_7/StreamingDataflowPartition_1_MVAU_hls_7/inst/grp_Matrix_Vector_Activate_Stream_Batch_fu_32/sf_2_fu_1615_p2_carry__1/CO[3]
                         net (fo=1, unplaced)         0.000     4.396    top_i/StreamingDataflowPartition_1/inst/StreamingDataflowPartition_1_i/StreamingDataflowPartition_1_MVAU_hls_7/StreamingDataflowPartition_1_MVAU_hls_7/inst/grp_Matrix_Vector_Activate_Stream_Batch_fu_32/sf_2_fu_1615_p2_carry__1_n_3
                         CARRY4 (Prop_carry4_CI_CO[3])
                                                      0.117     4.513 r  top_i/StreamingDataflowPartition_1/inst/StreamingDataflowPartition_1_i/StreamingDataflowPartition_1_MVAU_hls_7/StreamingDataflowPartition_1_MVAU_hls_7/inst/grp_Matrix_Vector_Activate_Stream_Batch_fu_32/sf_2_fu_1615_p2_carry__2/CO[3]
                         net (fo=1, unplaced)         0.000     4.513    top_i/StreamingDataflowPartition_1/inst/StreamingDataflowPartition_1_i/StreamingDataflowPartition_1_MVAU_hls_7/StreamingDataflowPartition_1_MVAU_hls_7/inst/grp_Matrix_Vector_Activate_Stream_Batch_fu_32/sf_2_fu_1615_p2_carry__2_n_3
                         CARRY4 (Prop_carry4_CI_CO[3])
                                                      0.117     4.630 r  top_i/StreamingDataflowPartition_1/inst/StreamingDataflowPartition_1_i/StreamingDataflowPartition_1_MVAU_hls_7/StreamingDataflowPartition_1_MVAU_hls_7/inst/grp_Matrix_Vector_Activate_Stream_Batch_fu_32/sf_2_fu_1615_p2_carry__3/CO[3]
                         net (fo=1, unplaced)         0.000     4.630    top_i/StreamingDataflowPartition_1/inst/StreamingDataflowPartition_1_i/StreamingDataflowPartition_1_MVAU_hls_7/StreamingDataflowPartition_1_MVAU_hls_7/inst/grp_Matrix_Vector_Activate_Stream_Batch_fu_32/sf_2_fu_1615_p2_carry__3_n_3
                         CARRY4 (Prop_carry4_CI_O[1])
                                                      0.337     4.967 f  top_i/StreamingDataflowPartition_1/inst/StreamingDataflowPartition_1_i/StreamingDataflowPartition_1_MVAU_hls_7/StreamingDataflowPartition_1_MVAU_hls_7/inst/grp_Matrix_Vector_Activate_Stream_Batch_fu_32/sf_2_fu_1615_p2_carry__4/O[1]
                         net (fo=2, unplaced)         0.622     5.589    top_i/StreamingDataflowPartition_1/inst/StreamingDataflowPartition_1_i/StreamingDataflowPartition_1_MVAU_hls_7/StreamingDataflowPartition_1_MVAU_hls_7/inst/grp_Matrix_Vector_Activate_Stream_Batch_fu_32/sf_2_fu_1615_p2[22]
                         LUT4 (Prop_lut4_I1_O)        0.306     5.895 f  top_i/StreamingDataflowPartition_1/inst/StreamingDataflowPartition_1_i/StreamingDataflowPartition_1_MVAU_hls_7/StreamingDataflowPartition_1_MVAU_hls_7/inst/grp_Matrix_Vector_Activate_Stream_Batch_fu_32/sf_fu_192[31]_i_7/O
                         net (fo=1, unplaced)         0.449     6.344    top_i/StreamingDataflowPartition_1/inst/StreamingDataflowPartition_1_i/StreamingDataflowPartition_1_MVAU_hls_7/StreamingDataflowPartition_1_MVAU_hls_7/inst/grp_Matrix_Vector_Activate_Stream_Batch_fu_32/sf_fu_192[31]_i_7_n_3
                         LUT5 (Prop_lut5_I4_O)        0.124     6.468 f  top_i/StreamingDataflowPartition_1/inst/StreamingDataflowPartition_1_i/StreamingDataflowPartition_1_MVAU_hls_7/StreamingDataflowPartition_1_MVAU_hls_7/inst/grp_Matrix_Vector_Activate_Stream_Batch_fu_32/sf_fu_192[31]_i_3/O
                         net (fo=2, unplaced)         0.913     7.381    top_i/StreamingDataflowPartition_1/inst/StreamingDataflowPartition_1_i/StreamingDataflowPartition_1_MVAU_hls_7/StreamingDataflowPartition_1_MVAU_hls_7/inst/grp_Matrix_Vector_Activate_Stream_Batch_fu_32/flow_control_loop_pipe_sequential_init_U/sf_fu_192_reg[31]_0
                         LUT5 (Prop_lut5_I0_O)        0.148     7.529 r  top_i/StreamingDataflowPartition_1/inst/StreamingDataflowPartition_1_i/StreamingDataflowPartition_1_MVAU_hls_7/StreamingDataflowPartition_1_MVAU_hls_7/inst/grp_Matrix_Vector_Activate_Stream_Batch_fu_32/flow_control_loop_pipe_sequential_init_U/sf_fu_192[31]_i_1/O
                         net (fo=65, unplaced)        0.991     8.520    top_i/StreamingDataflowPartition_1/inst/StreamingDataflowPartition_1_i/StreamingDataflowPartition_1_MVAU_hls_7/StreamingDataflowPartition_1_MVAU_hls_7/inst/grp_Matrix_Vector_Activate_Stream_Batch_fu_32/flow_control_loop_pipe_sequential_init_U/B_V_data_1_state_reg[0]_1[0]
                         LUT6 (Prop_lut6_I2_O)        0.124     8.644 r  top_i/StreamingDataflowPartition_1/inst/StreamingDataflowPartition_1_i/StreamingDataflowPartition_1_MVAU_hls_7/StreamingDataflowPartition_1_MVAU_hls_7/inst/grp_Matrix_Vector_Activate_Stream_Batch_fu_32/flow_control_loop_pipe_sequential_init_U/nf_1_fu_460[31]_i_1/O
                         net (fo=32, unplaced)        0.847     9.491    top_i/StreamingDataflowPartition_1/inst/StreamingDataflowPartition_1_i/StreamingDataflowPartition_1_MVAU_hls_7/StreamingDataflowPartition_1_MVAU_hls_7/inst/grp_Matrix_Vector_Activate_Stream_Batch_fu_32/flow_control_loop_pipe_sequential_init_U_n_19
                         FDRE                                         r  top_i/StreamingDataflowPartition_1/inst/StreamingDataflowPartition_1_i/StreamingDataflowPartition_1_MVAU_hls_7/StreamingDataflowPartition_1_MVAU_hls_7/inst/grp_Matrix_Vector_Activate_Stream_Batch_fu_32/nf_1_fu_460_reg[0]/R
  -------------------------------------------------------------------    -------------------

                         (clock clk_fpga_0 rise edge)
                                                     10.000    10.000 r  
    PS7_X0Y0             PS7                          0.000    10.000 r  top_i/zynq_ps/inst/PS7_i/FCLKCLK[0]
                         net (fo=1, unplaced)         0.760    10.760    top_i/zynq_ps/inst/FCLK_CLK_unbuffered[0]
                         BUFG (Prop_bufg_I_O)         0.091    10.851 r  top_i/zynq_ps/inst/buffer_fclk_clk_0.FCLK_CLK_0_BUFG/O
                         net (fo=116543, unplaced)    0.655    11.505    top_i/StreamingDataflowPartition_1/inst/StreamingDataflowPartition_1_i/StreamingDataflowPartition_1_MVAU_hls_7/StreamingDataflowPartition_1_MVAU_hls_7/inst/grp_Matrix_Vector_Activate_Stream_Batch_fu_32/ap_clk
                         FDRE                                         r  top_i/StreamingDataflowPartition_1/inst/StreamingDataflowPartition_1_i/StreamingDataflowPartition_1_MVAU_hls_7/StreamingDataflowPartition_1_MVAU_hls_7/inst/grp_Matrix_Vector_Activate_Stream_Batch_fu_32/nf_1_fu_460_reg[0]/C
                         clock pessimism              0.050    11.555    
                         clock uncertainty           -0.154    11.401    
                         FDRE (Setup_fdre_C_R)       -0.557    10.844    top_i/StreamingDataflowPartition_1/inst/StreamingDataflowPartition_1_i/StreamingDataflowPartition_1_MVAU_hls_7/StreamingDataflowPartition_1_MVAU_hls_7/inst/grp_Matrix_Vector_Activate_Stream_Batch_fu_32/nf_1_fu_460_reg[0]
  -------------------------------------------------------------------
                         required time                         10.844    
                         arrival time                          -9.491    
  -------------------------------------------------------------------
                         slack                                  1.353    

Slack (MET) :             1.353ns  (required time - arrival time)
  Source:                 top_i/StreamingDataflowPartition_1/inst/StreamingDataflowPartition_1_i/StreamingDataflowPartition_1_MVAU_hls_7/StreamingDataflowPartition_1_MVAU_hls_7/inst/grp_Matrix_Vector_Activate_Stream_Batch_fu_32/sf_fu_192_reg[0]/C
                            (rising edge-triggered cell FDRE clocked by clk_fpga_0  {rise@0.000ns fall@5.000ns period=10.000ns})
  Destination:            top_i/StreamingDataflowPartition_1/inst/StreamingDataflowPartition_1_i/StreamingDataflowPartition_1_MVAU_hls_7/StreamingDataflowPartition_1_MVAU_hls_7/inst/grp_Matrix_Vector_Activate_Stream_Batch_fu_32/nf_1_fu_460_reg[10]/R
                            (rising edge-triggered cell FDRE clocked by clk_fpga_0  {rise@0.000ns fall@5.000ns period=10.000ns})
  Path Group:             clk_fpga_0
  Path Type:              Setup (Max at Slow Process Corner)
  Requirement:            10.000ns  (clk_fpga_0 rise@10.000ns - clk_fpga_0 rise@0.000ns)
  Data Path Delay:        7.791ns  (logic 2.875ns (36.902%)  route 4.916ns (63.098%))
  Logic Levels:           11  (CARRY4=6 LUT3=1 LUT4=1 LUT5=2 LUT6=1)
  Clock Path Skew:        -0.145ns (DCD - SCD + CPR)
    Destination Clock Delay (DCD):    1.505ns = ( 11.505 - 10.000 ) 
    Source Clock Delay      (SCD):    1.700ns
    Clock Pessimism Removal (CPR):    0.050ns
  Clock Uncertainty:      0.154ns  ((TSJ^2 + TIJ^2)^1/2 + DJ) / 2 + PE
    Total System Jitter     (TSJ):    0.071ns
    Total Input Jitter      (TIJ):    0.300ns
    Discrete Jitter          (DJ):    0.000ns
    Phase Error              (PE):    0.000ns

    Location             Delay type                Incr(ns)  Path(ns)    Netlist Resource(s)
  -------------------------------------------------------------------    -------------------
                         (clock clk_fpga_0 rise edge)
                                                      0.000     0.000 r  
    PS7_X0Y0             PS7                          0.000     0.000 r  top_i/zynq_ps/inst/PS7_i/FCLKCLK[0]
                         net (fo=1, unplaced)         0.800     0.800    top_i/zynq_ps/inst/FCLK_CLK_unbuffered[0]
                         BUFG (Prop_bufg_I_O)         0.101     0.901 r  top_i/zynq_ps/inst/buffer_fclk_clk_0.FCLK_CLK_0_BUFG/O
                         net (fo=116543, unplaced)    0.800     1.700    top_i/StreamingDataflowPartition_1/inst/StreamingDataflowPartition_1_i/StreamingDataflowPartition_1_MVAU_hls_7/StreamingDataflowPartition_1_MVAU_hls_7/inst/grp_Matrix_Vector_Activate_Stream_Batch_fu_32/ap_clk
                         FDRE                                         r  top_i/StreamingDataflowPartition_1/inst/StreamingDataflowPartition_1_i/StreamingDataflowPartition_1_MVAU_hls_7/StreamingDataflowPartition_1_MVAU_hls_7/inst/grp_Matrix_Vector_Activate_Stream_Batch_fu_32/sf_fu_192_reg[0]/C
  -------------------------------------------------------------------    -------------------
                         FDRE (Prop_fdre_C_Q)         0.478     2.178 r  top_i/StreamingDataflowPartition_1/inst/StreamingDataflowPartition_1_i/StreamingDataflowPartition_1_MVAU_hls_7/StreamingDataflowPartition_1_MVAU_hls_7/inst/grp_Matrix_Vector_Activate_Stream_Batch_fu_32/sf_fu_192_reg[0]/Q
                         net (fo=2, unplaced)         0.752     2.930    top_i/StreamingDataflowPartition_1/inst/StreamingDataflowPartition_1_i/StreamingDataflowPartition_1_MVAU_hls_7/StreamingDataflowPartition_1_MVAU_hls_7/inst/grp_Matrix_Vector_Activate_Stream_Batch_fu_32/flow_control_loop_pipe_sequential_init_U/sf_fu_192_reg[31][0]
                         LUT3 (Prop_lut3_I0_O)        0.295     3.225 r  top_i/StreamingDataflowPartition_1/inst/StreamingDataflowPartition_1_i/StreamingDataflowPartition_1_MVAU_hls_7/StreamingDataflowPartition_1_MVAU_hls_7/inst/grp_Matrix_Vector_Activate_Stream_Batch_fu_32/flow_control_loop_pipe_sequential_init_U/sf_2_fu_1615_p2_carry_i_1/O
                         net (fo=1, unplaced)         0.333     3.558    top_i/StreamingDataflowPartition_1/inst/StreamingDataflowPartition_1_i/StreamingDataflowPartition_1_MVAU_hls_7/StreamingDataflowPartition_1_MVAU_hls_7/inst/grp_Matrix_Vector_Activate_Stream_Batch_fu_32/ap_sig_allocacmp_sf_1[0]
                         CARRY4 (Prop_carry4_CYINIT_CO[3])
                                                      0.595     4.153 r  top_i/StreamingDataflowPartition_1/inst/StreamingDataflowPartition_1_i/StreamingDataflowPartition_1_MVAU_hls_7/StreamingDataflowPartition_1_MVAU_hls_7/inst/grp_Matrix_Vector_Activate_Stream_Batch_fu_32/sf_2_fu_1615_p2_carry/CO[3]
                         net (fo=1, unplaced)         0.009     4.162    top_i/StreamingDataflowPartition_1/inst/StreamingDataflowPartition_1_i/StreamingDataflowPartition_1_MVAU_hls_7/StreamingDataflowPartition_1_MVAU_hls_7/inst/grp_Matrix_Vector_Activate_Stream_Batch_fu_32/sf_2_fu_1615_p2_carry_n_3
                         CARRY4 (Prop_carry4_CI_CO[3])
                                                      0.117     4.279 r  top_i/StreamingDataflowPartition_1/inst/StreamingDataflowPartition_1_i/StreamingDataflowPartition_1_MVAU_hls_7/StreamingDataflowPartition_1_MVAU_hls_7/inst/grp_Matrix_Vector_Activate_Stream_Batch_fu_32/sf_2_fu_1615_p2_carry__0/CO[3]
                         net (fo=1, unplaced)         0.000     4.279    top_i/StreamingDataflowPartition_1/inst/StreamingDataflowPartition_1_i/StreamingDataflowPartition_1_MVAU_hls_7/StreamingDataflowPartition_1_MVAU_hls_7/inst/grp_Matrix_Vector_Activate_Stream_Batch_fu_32/sf_2_fu_1615_p2_carry__0_n_3
                         CARRY4 (Prop_carry4_CI_CO[3])
                                                      0.117     4.396 r  top_i/StreamingDataflowPartition_1/inst/StreamingDataflowPartition_1_i/StreamingDataflowPartition_1_MVAU_hls_7/StreamingDataflowPartition_1_MVAU_hls_7/inst/grp_Matrix_Vector_Activate_Stream_Batch_fu_32/sf_2_fu_1615_p2_carry__1/CO[3]
                         net (fo=1, unplaced)         0.000     4.396    top_i/StreamingDataflowPartition_1/inst/StreamingDataflowPartition_1_i/StreamingDataflowPartition_1_MVAU_hls_7/StreamingDataflowPartition_1_MVAU_hls_7/inst/grp_Matrix_Vector_Activate_Stream_Batch_fu_32/sf_2_fu_1615_p2_carry__1_n_3
                         CARRY4 (Prop_carry4_CI_CO[3])
                                                      0.117     4.513 r  top_i/StreamingDataflowPartition_1/inst/StreamingDataflowPartition_1_i/StreamingDataflowPartition_1_MVAU_hls_7/StreamingDataflowPartition_1_MVAU_hls_7/inst/grp_Matrix_Vector_Activate_Stream_Batch_fu_32/sf_2_fu_1615_p2_carry__2/CO[3]
                         net (fo=1, unplaced)         0.000     4.513    top_i/StreamingDataflowPartition_1/inst/StreamingDataflowPartition_1_i/StreamingDataflowPartition_1_MVAU_hls_7/StreamingDataflowPartition_1_MVAU_hls_7/inst/grp_Matrix_Vector_Activate_Stream_Batch_fu_32/sf_2_fu_1615_p2_carry__2_n_3
                         CARRY4 (Prop_carry4_CI_CO[3])
                                                      0.117     4.630 r  top_i/StreamingDataflowPartition_1/inst/StreamingDataflowPartition_1_i/StreamingDataflowPartition_1_MVAU_hls_7/StreamingDataflowPartition_1_MVAU_hls_7/inst/grp_Matrix_Vector_Activate_Stream_Batch_fu_32/sf_2_fu_1615_p2_carry__3/CO[3]
                         net (fo=1, unplaced)         0.000     4.630    top_i/StreamingDataflowPartition_1/inst/StreamingDataflowPartition_1_i/StreamingDataflowPartition_1_MVAU_hls_7/StreamingDataflowPartition_1_MVAU_hls_7/inst/grp_Matrix_Vector_Activate_Stream_Batch_fu_32/sf_2_fu_1615_p2_carry__3_n_3
                         CARRY4 (Prop_carry4_CI_O[1])
                                                      0.337     4.967 f  top_i/StreamingDataflowPartition_1/inst/StreamingDataflowPartition_1_i/StreamingDataflowPartition_1_MVAU_hls_7/StreamingDataflowPartition_1_MVAU_hls_7/inst/grp_Matrix_Vector_Activate_Stream_Batch_fu_32/sf_2_fu_1615_p2_carry__4/O[1]
                         net (fo=2, unplaced)         0.622     5.589    top_i/StreamingDataflowPartition_1/inst/StreamingDataflowPartition_1_i/StreamingDataflowPartition_1_MVAU_hls_7/StreamingDataflowPartition_1_MVAU_hls_7/inst/grp_Matrix_Vector_Activate_Stream_Batch_fu_32/sf_2_fu_1615_p2[22]
                         LUT4 (Prop_lut4_I1_O)        0.306     5.895 f  top_i/StreamingDataflowPartition_1/inst/StreamingDataflowPartition_1_i/StreamingDataflowPartition_1_MVAU_hls_7/StreamingDataflowPartition_1_MVAU_hls_7/inst/grp_Matrix_Vector_Activate_Stream_Batch_fu_32/sf_fu_192[31]_i_7/O
                         net (fo=1, unplaced)         0.449     6.344    top_i/StreamingDataflowPartition_1/inst/StreamingDataflowPartition_1_i/StreamingDataflowPartition_1_MVAU_hls_7/StreamingDataflowPartition_1_MVAU_hls_7/inst/grp_Matrix_Vector_Activate_Stream_Batch_fu_32/sf_fu_192[31]_i_7_n_3
                         LUT5 (Prop_lut5_I4_O)        0.124     6.468 f  top_i/StreamingDataflowPartition_1/inst/StreamingDataflowPartition_1_i/StreamingDataflowPartition_1_MVAU_hls_7/StreamingDataflowPartition_1_MVAU_hls_7/inst/grp_Matrix_Vector_Activate_Stream_Batch_fu_32/sf_fu_192[31]_i_3/O
                         net (fo=2, unplaced)         0.913     7.381    top_i/StreamingDataflowPartition_1/inst/StreamingDataflowPartition_1_i/StreamingDataflowPartition_1_MVAU_hls_7/StreamingDataflowPartition_1_MVAU_hls_7/inst/grp_Matrix_Vector_Activate_Stream_Batch_fu_32/flow_control_loop_pipe_sequential_init_U/sf_fu_192_reg[31]_0
                         LUT5 (Prop_lut5_I0_O)        0.148     7.529 r  top_i/StreamingDataflowPartition_1/inst/StreamingDataflowPartition_1_i/StreamingDataflowPartition_1_MVAU_hls_7/StreamingDataflowPartition_1_MVAU_hls_7/inst/grp_Matrix_Vector_Activate_Stream_Batch_fu_32/flow_control_loop_pipe_sequential_init_U/sf_fu_192[31]_i_1/O
                         net (fo=65, unplaced)        0.991     8.520    top_i/StreamingDataflowPartition_1/inst/StreamingDataflowPartition_1_i/StreamingDataflowPartition_1_MVAU_hls_7/StreamingDataflowPartition_1_MVAU_hls_7/inst/grp_Matrix_Vector_Activate_Stream_Batch_fu_32/flow_control_loop_pipe_sequential_init_U/B_V_data_1_state_reg[0]_1[0]
                         LUT6 (Prop_lut6_I2_O)        0.124     8.644 r  top_i/StreamingDataflowPartition_1/inst/StreamingDataflowPartition_1_i/StreamingDataflowPartition_1_MVAU_hls_7/StreamingDataflowPartition_1_MVAU_hls_7/inst/grp_Matrix_Vector_Activate_Stream_Batch_fu_32/flow_control_loop_pipe_sequential_init_U/nf_1_fu_460[31]_i_1/O
                         net (fo=32, unplaced)        0.847     9.491    top_i/StreamingDataflowPartition_1/inst/StreamingDataflowPartition_1_i/StreamingDataflowPartition_1_MVAU_hls_7/StreamingDataflowPartition_1_MVAU_hls_7/inst/grp_Matrix_Vector_Activate_Stream_Batch_fu_32/flow_control_loop_pipe_sequential_init_U_n_19
                         FDRE                                         r  top_i/StreamingDataflowPartition_1/inst/StreamingDataflowPartition_1_i/StreamingDataflowPartition_1_MVAU_hls_7/StreamingDataflowPartition_1_MVAU_hls_7/inst/grp_Matrix_Vector_Activate_Stream_Batch_fu_32/nf_1_fu_460_reg[10]/R
  -------------------------------------------------------------------    -------------------

                         (clock clk_fpga_0 rise edge)
                                                     10.000    10.000 r  
    PS7_X0Y0             PS7                          0.000    10.000 r  top_i/zynq_ps/inst/PS7_i/FCLKCLK[0]
                         net (fo=1, unplaced)         0.760    10.760    top_i/zynq_ps/inst/FCLK_CLK_unbuffered[0]
                         BUFG (Prop_bufg_I_O)         0.091    10.851 r  top_i/zynq_ps/inst/buffer_fclk_clk_0.FCLK_CLK_0_BUFG/O
                         net (fo=116543, unplaced)    0.655    11.505    top_i/StreamingDataflowPartition_1/inst/StreamingDataflowPartition_1_i/StreamingDataflowPartition_1_MVAU_hls_7/StreamingDataflowPartition_1_MVAU_hls_7/inst/grp_Matrix_Vector_Activate_Stream_Batch_fu_32/ap_clk
                         FDRE                                         r  top_i/StreamingDataflowPartition_1/inst/StreamingDataflowPartition_1_i/StreamingDataflowPartition_1_MVAU_hls_7/StreamingDataflowPartition_1_MVAU_hls_7/inst/grp_Matrix_Vector_Activate_Stream_Batch_fu_32/nf_1_fu_460_reg[10]/C
                         clock pessimism              0.050    11.555    
                         clock uncertainty           -0.154    11.401    
                         FDRE (Setup_fdre_C_R)       -0.557    10.844    top_i/StreamingDataflowPartition_1/inst/StreamingDataflowPartition_1_i/StreamingDataflowPartition_1_MVAU_hls_7/StreamingDataflowPartition_1_MVAU_hls_7/inst/grp_Matrix_Vector_Activate_Stream_Batch_fu_32/nf_1_fu_460_reg[10]
  -------------------------------------------------------------------
                         required time                         10.844    
                         arrival time                          -9.491    
  -------------------------------------------------------------------
                         slack                                  1.353    

Slack (MET) :             1.353ns  (required time - arrival time)
  Source:                 top_i/StreamingDataflowPartition_1/inst/StreamingDataflowPartition_1_i/StreamingDataflowPartition_1_MVAU_hls_7/StreamingDataflowPartition_1_MVAU_hls_7/inst/grp_Matrix_Vector_Activate_Stream_Batch_fu_32/sf_fu_192_reg[0]/C
                            (rising edge-triggered cell FDRE clocked by clk_fpga_0  {rise@0.000ns fall@5.000ns period=10.000ns})
  Destination:            top_i/StreamingDataflowPartition_1/inst/StreamingDataflowPartition_1_i/StreamingDataflowPartition_1_MVAU_hls_7/StreamingDataflowPartition_1_MVAU_hls_7/inst/grp_Matrix_Vector_Activate_Stream_Batch_fu_32/nf_1_fu_460_reg[11]/R
                            (rising edge-triggered cell FDRE clocked by clk_fpga_0  {rise@0.000ns fall@5.000ns period=10.000ns})
  Path Group:             clk_fpga_0
  Path Type:              Setup (Max at Slow Process Corner)
  Requirement:            10.000ns  (clk_fpga_0 rise@10.000ns - clk_fpga_0 rise@0.000ns)
  Data Path Delay:        7.791ns  (logic 2.875ns (36.902%)  route 4.916ns (63.098%))
  Logic Levels:           11  (CARRY4=6 LUT3=1 LUT4=1 LUT5=2 LUT6=1)
  Clock Path Skew:        -0.145ns (DCD - SCD + CPR)
    Destination Clock Delay (DCD):    1.505ns = ( 11.505 - 10.000 ) 
    Source Clock Delay      (SCD):    1.700ns
    Clock Pessimism Removal (CPR):    0.050ns
  Clock Uncertainty:      0.154ns  ((TSJ^2 + TIJ^2)^1/2 + DJ) / 2 + PE
    Total System Jitter     (TSJ):    0.071ns
    Total Input Jitter      (TIJ):    0.300ns
    Discrete Jitter          (DJ):    0.000ns
    Phase Error              (PE):    0.000ns

    Location             Delay type                Incr(ns)  Path(ns)    Netlist Resource(s)
  -------------------------------------------------------------------    -------------------
                         (clock clk_fpga_0 rise edge)
                                                      0.000     0.000 r  
    PS7_X0Y0             PS7                          0.000     0.000 r  top_i/zynq_ps/inst/PS7_i/FCLKCLK[0]
                         net (fo=1, unplaced)         0.800     0.800    top_i/zynq_ps/inst/FCLK_CLK_unbuffered[0]
                         BUFG (Prop_bufg_I_O)         0.101     0.901 r  top_i/zynq_ps/inst/buffer_fclk_clk_0.FCLK_CLK_0_BUFG/O
                         net (fo=116543, unplaced)    0.800     1.700    top_i/StreamingDataflowPartition_1/inst/StreamingDataflowPartition_1_i/StreamingDataflowPartition_1_MVAU_hls_7/StreamingDataflowPartition_1_MVAU_hls_7/inst/grp_Matrix_Vector_Activate_Stream_Batch_fu_32/ap_clk
                         FDRE                                         r  top_i/StreamingDataflowPartition_1/inst/StreamingDataflowPartition_1_i/StreamingDataflowPartition_1_MVAU_hls_7/StreamingDataflowPartition_1_MVAU_hls_7/inst/grp_Matrix_Vector_Activate_Stream_Batch_fu_32/sf_fu_192_reg[0]/C
  -------------------------------------------------------------------    -------------------
                         FDRE (Prop_fdre_C_Q)         0.478     2.178 r  top_i/StreamingDataflowPartition_1/inst/StreamingDataflowPartition_1_i/StreamingDataflowPartition_1_MVAU_hls_7/StreamingDataflowPartition_1_MVAU_hls_7/inst/grp_Matrix_Vector_Activate_Stream_Batch_fu_32/sf_fu_192_reg[0]/Q
                         net (fo=2, unplaced)         0.752     2.930    top_i/StreamingDataflowPartition_1/inst/StreamingDataflowPartition_1_i/StreamingDataflowPartition_1_MVAU_hls_7/StreamingDataflowPartition_1_MVAU_hls_7/inst/grp_Matrix_Vector_Activate_Stream_Batch_fu_32/flow_control_loop_pipe_sequential_init_U/sf_fu_192_reg[31][0]
                         LUT3 (Prop_lut3_I0_O)        0.295     3.225 r  top_i/StreamingDataflowPartition_1/inst/StreamingDataflowPartition_1_i/StreamingDataflowPartition_1_MVAU_hls_7/StreamingDataflowPartition_1_MVAU_hls_7/inst/grp_Matrix_Vector_Activate_Stream_Batch_fu_32/flow_control_loop_pipe_sequential_init_U/sf_2_fu_1615_p2_carry_i_1/O
                         net (fo=1, unplaced)         0.333     3.558    top_i/StreamingDataflowPartition_1/inst/StreamingDataflowPartition_1_i/StreamingDataflowPartition_1_MVAU_hls_7/StreamingDataflowPartition_1_MVAU_hls_7/inst/grp_Matrix_Vector_Activate_Stream_Batch_fu_32/ap_sig_allocacmp_sf_1[0]
                         CARRY4 (Prop_carry4_CYINIT_CO[3])
                                                      0.595     4.153 r  top_i/StreamingDataflowPartition_1/inst/StreamingDataflowPartition_1_i/StreamingDataflowPartition_1_MVAU_hls_7/StreamingDataflowPartition_1_MVAU_hls_7/inst/grp_Matrix_Vector_Activate_Stream_Batch_fu_32/sf_2_fu_1615_p2_carry/CO[3]
                         net (fo=1, unplaced)         0.009     4.162    top_i/StreamingDataflowPartition_1/inst/StreamingDataflowPartition_1_i/StreamingDataflowPartition_1_MVAU_hls_7/StreamingDataflowPartition_1_MVAU_hls_7/inst/grp_Matrix_Vector_Activate_Stream_Batch_fu_32/sf_2_fu_1615_p2_carry_n_3
                         CARRY4 (Prop_carry4_CI_CO[3])
                                                      0.117     4.279 r  top_i/StreamingDataflowPartition_1/inst/StreamingDataflowPartition_1_i/StreamingDataflowPartition_1_MVAU_hls_7/StreamingDataflowPartition_1_MVAU_hls_7/inst/grp_Matrix_Vector_Activate_Stream_Batch_fu_32/sf_2_fu_1615_p2_carry__0/CO[3]
                         net (fo=1, unplaced)         0.000     4.279    top_i/StreamingDataflowPartition_1/inst/StreamingDataflowPartition_1_i/StreamingDataflowPartition_1_MVAU_hls_7/StreamingDataflowPartition_1_MVAU_hls_7/inst/grp_Matrix_Vector_Activate_Stream_Batch_fu_32/sf_2_fu_1615_p2_carry__0_n_3
                         CARRY4 (Prop_carry4_CI_CO[3])
                                                      0.117     4.396 r  top_i/StreamingDataflowPartition_1/inst/StreamingDataflowPartition_1_i/StreamingDataflowPartition_1_MVAU_hls_7/StreamingDataflowPartition_1_MVAU_hls_7/inst/grp_Matrix_Vector_Activate_Stream_Batch_fu_32/sf_2_fu_1615_p2_carry__1/CO[3]
                         net (fo=1, unplaced)         0.000     4.396    top_i/StreamingDataflowPartition_1/inst/StreamingDataflowPartition_1_i/StreamingDataflowPartition_1_MVAU_hls_7/StreamingDataflowPartition_1_MVAU_hls_7/inst/grp_Matrix_Vector_Activate_Stream_Batch_fu_32/sf_2_fu_1615_p2_carry__1_n_3
                         CARRY4 (Prop_carry4_CI_CO[3])
                                                      0.117     4.513 r  top_i/StreamingDataflowPartition_1/inst/StreamingDataflowPartition_1_i/StreamingDataflowPartition_1_MVAU_hls_7/StreamingDataflowPartition_1_MVAU_hls_7/inst/grp_Matrix_Vector_Activate_Stream_Batch_fu_32/sf_2_fu_1615_p2_carry__2/CO[3]
                         net (fo=1, unplaced)         0.000     4.513    top_i/StreamingDataflowPartition_1/inst/StreamingDataflowPartition_1_i/StreamingDataflowPartition_1_MVAU_hls_7/StreamingDataflowPartition_1_MVAU_hls_7/inst/grp_Matrix_Vector_Activate_Stream_Batch_fu_32/sf_2_fu_1615_p2_carry__2_n_3
                         CARRY4 (Prop_carry4_CI_CO[3])
                                                      0.117     4.630 r  top_i/StreamingDataflowPartition_1/inst/StreamingDataflowPartition_1_i/StreamingDataflowPartition_1_MVAU_hls_7/StreamingDataflowPartition_1_MVAU_hls_7/inst/grp_Matrix_Vector_Activate_Stream_Batch_fu_32/sf_2_fu_1615_p2_carry__3/CO[3]
                         net (fo=1, unplaced)         0.000     4.630    top_i/StreamingDataflowPartition_1/inst/StreamingDataflowPartition_1_i/StreamingDataflowPartition_1_MVAU_hls_7/StreamingDataflowPartition_1_MVAU_hls_7/inst/grp_Matrix_Vector_Activate_Stream_Batch_fu_32/sf_2_fu_1615_p2_carry__3_n_3
                         CARRY4 (Prop_carry4_CI_O[1])
                                                      0.337     4.967 f  top_i/StreamingDataflowPartition_1/inst/StreamingDataflowPartition_1_i/StreamingDataflowPartition_1_MVAU_hls_7/StreamingDataflowPartition_1_MVAU_hls_7/inst/grp_Matrix_Vector_Activate_Stream_Batch_fu_32/sf_2_fu_1615_p2_carry__4/O[1]
                         net (fo=2, unplaced)         0.622     5.589    top_i/StreamingDataflowPartition_1/inst/StreamingDataflowPartition_1_i/StreamingDataflowPartition_1_MVAU_hls_7/StreamingDataflowPartition_1_MVAU_hls_7/inst/grp_Matrix_Vector_Activate_Stream_Batch_fu_32/sf_2_fu_1615_p2[22]
                         LUT4 (Prop_lut4_I1_O)        0.306     5.895 f  top_i/StreamingDataflowPartition_1/inst/StreamingDataflowPartition_1_i/StreamingDataflowPartition_1_MVAU_hls_7/StreamingDataflowPartition_1_MVAU_hls_7/inst/grp_Matrix_Vector_Activate_Stream_Batch_fu_32/sf_fu_192[31]_i_7/O
                         net (fo=1, unplaced)         0.449     6.344    top_i/StreamingDataflowPartition_1/inst/StreamingDataflowPartition_1_i/StreamingDataflowPartition_1_MVAU_hls_7/StreamingDataflowPartition_1_MVAU_hls_7/inst/grp_Matrix_Vector_Activate_Stream_Batch_fu_32/sf_fu_192[31]_i_7_n_3
                         LUT5 (Prop_lut5_I4_O)        0.124     6.468 f  top_i/StreamingDataflowPartition_1/inst/StreamingDataflowPartition_1_i/StreamingDataflowPartition_1_MVAU_hls_7/StreamingDataflowPartition_1_MVAU_hls_7/inst/grp_Matrix_Vector_Activate_Stream_Batch_fu_32/sf_fu_192[31]_i_3/O
                         net (fo=2, unplaced)         0.913     7.381    top_i/StreamingDataflowPartition_1/inst/StreamingDataflowPartition_1_i/StreamingDataflowPartition_1_MVAU_hls_7/StreamingDataflowPartition_1_MVAU_hls_7/inst/grp_Matrix_Vector_Activate_Stream_Batch_fu_32/flow_control_loop_pipe_sequential_init_U/sf_fu_192_reg[31]_0
                         LUT5 (Prop_lut5_I0_O)        0.148     7.529 r  top_i/StreamingDataflowPartition_1/inst/StreamingDataflowPartition_1_i/StreamingDataflowPartition_1_MVAU_hls_7/StreamingDataflowPartition_1_MVAU_hls_7/inst/grp_Matrix_Vector_Activate_Stream_Batch_fu_32/flow_control_loop_pipe_sequential_init_U/sf_fu_192[31]_i_1/O
                         net (fo=65, unplaced)        0.991     8.520    top_i/StreamingDataflowPartition_1/inst/StreamingDataflowPartition_1_i/StreamingDataflowPartition_1_MVAU_hls_7/StreamingDataflowPartition_1_MVAU_hls_7/inst/grp_Matrix_Vector_Activate_Stream_Batch_fu_32/flow_control_loop_pipe_sequential_init_U/B_V_data_1_state_reg[0]_1[0]
                         LUT6 (Prop_lut6_I2_O)        0.124     8.644 r  top_i/StreamingDataflowPartition_1/inst/StreamingDataflowPartition_1_i/StreamingDataflowPartition_1_MVAU_hls_7/StreamingDataflowPartition_1_MVAU_hls_7/inst/grp_Matrix_Vector_Activate_Stream_Batch_fu_32/flow_control_loop_pipe_sequential_init_U/nf_1_fu_460[31]_i_1/O
                         net (fo=32, unplaced)        0.847     9.491    top_i/StreamingDataflowPartition_1/inst/StreamingDataflowPartition_1_i/StreamingDataflowPartition_1_MVAU_hls_7/StreamingDataflowPartition_1_MVAU_hls_7/inst/grp_Matrix_Vector_Activate_Stream_Batch_fu_32/flow_control_loop_pipe_sequential_init_U_n_19
                         FDRE                                         r  top_i/StreamingDataflowPartition_1/inst/StreamingDataflowPartition_1_i/StreamingDataflowPartition_1_MVAU_hls_7/StreamingDataflowPartition_1_MVAU_hls_7/inst/grp_Matrix_Vector_Activate_Stream_Batch_fu_32/nf_1_fu_460_reg[11]/R
  -------------------------------------------------------------------    -------------------

                         (clock clk_fpga_0 rise edge)
                                                     10.000    10.000 r  
    PS7_X0Y0             PS7                          0.000    10.000 r  top_i/zynq_ps/inst/PS7_i/FCLKCLK[0]
                         net (fo=1, unplaced)         0.760    10.760    top_i/zynq_ps/inst/FCLK_CLK_unbuffered[0]
                         BUFG (Prop_bufg_I_O)         0.091    10.851 r  top_i/zynq_ps/inst/buffer_fclk_clk_0.FCLK_CLK_0_BUFG/O
                         net (fo=116543, unplaced)    0.655    11.505    top_i/StreamingDataflowPartition_1/inst/StreamingDataflowPartition_1_i/StreamingDataflowPartition_1_MVAU_hls_7/StreamingDataflowPartition_1_MVAU_hls_7/inst/grp_Matrix_Vector_Activate_Stream_Batch_fu_32/ap_clk
                         FDRE                                         r  top_i/StreamingDataflowPartition_1/inst/StreamingDataflowPartition_1_i/StreamingDataflowPartition_1_MVAU_hls_7/StreamingDataflowPartition_1_MVAU_hls_7/inst/grp_Matrix_Vector_Activate_Stream_Batch_fu_32/nf_1_fu_460_reg[11]/C
                         clock pessimism              0.050    11.555    
                         clock uncertainty           -0.154    11.401    
                         FDRE (Setup_fdre_C_R)       -0.557    10.844    top_i/StreamingDataflowPartition_1/inst/StreamingDataflowPartition_1_i/StreamingDataflowPartition_1_MVAU_hls_7/StreamingDataflowPartition_1_MVAU_hls_7/inst/grp_Matrix_Vector_Activate_Stream_Batch_fu_32/nf_1_fu_460_reg[11]
  -------------------------------------------------------------------
                         required time                         10.844    
                         arrival time                          -9.491    
  -------------------------------------------------------------------
                         slack                                  1.353    





Min Delay Paths
--------------------------------------------------------------------------------------
Slack (MET) :             0.039ns  (arrival time - required time)
  Source:                 top_i/StreamingDataflowPartition_1/inst/StreamingDataflowPartition_1_i/StreamingDataflowPartition_1_ConvolutionInputGenerator_rtl_0/inst/impl/window_buffer_inst/Out_reg[0]/C
                            (rising edge-triggered cell FDRE clocked by clk_fpga_0  {rise@0.000ns fall@5.000ns period=10.000ns})
  Destination:            top_i/StreamingDataflowPartition_1/inst/StreamingDataflowPartition_1_i/StreamingDataflowPartition_1_StreamingFIFO_rtl_0/inst/impl/srl_reg[126][0]_srl32/D
                            (rising edge-triggered cell SRLC32E clocked by clk_fpga_0  {rise@0.000ns fall@5.000ns period=10.000ns})
  Path Group:             clk_fpga_0
  Path Type:              Hold (Min at Fast Process Corner)
  Requirement:            0.000ns  (clk_fpga_0 rise@0.000ns - clk_fpga_0 rise@0.000ns)
  Data Path Delay:        0.314ns  (logic 0.147ns (46.890%)  route 0.167ns (53.110%))
  Logic Levels:           0  
  Clock Path Skew:        0.145ns (DCD - SCD - CPR)
    Destination Clock Delay (DCD):    0.739ns
    Source Clock Delay      (SCD):    0.573ns
    Clock Pessimism Removal (CPR):    0.021ns

    Location             Delay type                Incr(ns)  Path(ns)    Netlist Resource(s)
  -------------------------------------------------------------------    -------------------
                         (clock clk_fpga_0 rise edge)
                                                      0.000     0.000 r  
    PS7_X0Y0             PS7                          0.000     0.000 r  top_i/zynq_ps/inst/PS7_i/FCLKCLK[0]
                         net (fo=1, unplaced)         0.337     0.337    top_i/zynq_ps/inst/FCLK_CLK_unbuffered[0]
                         BUFG (Prop_bufg_I_O)         0.026     0.363 r  top_i/zynq_ps/inst/buffer_fclk_clk_0.FCLK_CLK_0_BUFG/O
                         net (fo=116543, unplaced)    0.210     0.573    top_i/StreamingDataflowPartition_1/inst/StreamingDataflowPartition_1_i/StreamingDataflowPartition_1_ConvolutionInputGenerator_rtl_0/inst/impl/window_buffer_inst/ap_clk
                         FDRE                                         r  top_i/StreamingDataflowPartition_1/inst/StreamingDataflowPartition_1_i/StreamingDataflowPartition_1_ConvolutionInputGenerator_rtl_0/inst/impl/window_buffer_inst/Out_reg[0]/C
  -------------------------------------------------------------------    -------------------
                         FDRE (Prop_fdre_C_Q)         0.147     0.720 r  top_i/StreamingDataflowPartition_1/inst/StreamingDataflowPartition_1_i/StreamingDataflowPartition_1_ConvolutionInputGenerator_rtl_0/inst/impl/window_buffer_inst/Out_reg[0]/Q
                         net (fo=2, unplaced)         0.167     0.886    top_i/StreamingDataflowPartition_1/inst/StreamingDataflowPartition_1_i/StreamingDataflowPartition_1_StreamingFIFO_rtl_0/inst/impl/in0_V_TDATA[0]
                         SRLC32E                                      r  top_i/StreamingDataflowPartition_1/inst/StreamingDataflowPartition_1_i/StreamingDataflowPartition_1_StreamingFIFO_rtl_0/inst/impl/srl_reg[126][0]_srl32/D
  -------------------------------------------------------------------    -------------------

                         (clock clk_fpga_0 rise edge)
                                                      0.000     0.000 r  
    PS7_X0Y0             PS7                          0.000     0.000 r  top_i/zynq_ps/inst/PS7_i/FCLKCLK[0]
                         net (fo=1, unplaced)         0.355     0.355    top_i/zynq_ps/inst/FCLK_CLK_unbuffered[0]
                         BUFG (Prop_bufg_I_O)         0.029     0.384 r  top_i/zynq_ps/inst/buffer_fclk_clk_0.FCLK_CLK_0_BUFG/O
                         net (fo=116543, unplaced)    0.355     0.739    top_i/StreamingDataflowPartition_1/inst/StreamingDataflowPartition_1_i/StreamingDataflowPartition_1_StreamingFIFO_rtl_0/inst/impl/ap_clk
                         SRLC32E                                      r  top_i/StreamingDataflowPartition_1/inst/StreamingDataflowPartition_1_i/StreamingDataflowPartition_1_StreamingFIFO_rtl_0/inst/impl/srl_reg[126][0]_srl32/CLK
                         clock pessimism             -0.021     0.718    
                         SRLC32E (Hold_srlc32e_CLK_D)
                                                      0.130     0.848    top_i/StreamingDataflowPartition_1/inst/StreamingDataflowPartition_1_i/StreamingDataflowPartition_1_StreamingFIFO_rtl_0/inst/impl/srl_reg[126][0]_srl32
  -------------------------------------------------------------------
                         required time                         -0.848    
                         arrival time                           0.886    
  -------------------------------------------------------------------
                         slack                                  0.039    

Slack (MET) :             0.039ns  (arrival time - required time)
  Source:                 top_i/StreamingDataflowPartition_1/inst/StreamingDataflowPartition_1_i/StreamingDataflowPartition_1_ConvolutionInputGenerator_rtl_0/inst/impl/window_buffer_inst/Out_reg[10]/C
                            (rising edge-triggered cell FDRE clocked by clk_fpga_0  {rise@0.000ns fall@5.000ns period=10.000ns})
  Destination:            top_i/StreamingDataflowPartition_1/inst/StreamingDataflowPartition_1_i/StreamingDataflowPartition_1_StreamingFIFO_rtl_0/inst/impl/srl_reg[126][10]_srl32/D
                            (rising edge-triggered cell SRLC32E clocked by clk_fpga_0  {rise@0.000ns fall@5.000ns period=10.000ns})
  Path Group:             clk_fpga_0
  Path Type:              Hold (Min at Fast Process Corner)
  Requirement:            0.000ns  (clk_fpga_0 rise@0.000ns - clk_fpga_0 rise@0.000ns)
  Data Path Delay:        0.314ns  (logic 0.147ns (46.890%)  route 0.167ns (53.110%))
  Logic Levels:           0  
  Clock Path Skew:        0.145ns (DCD - SCD - CPR)
    Destination Clock Delay (DCD):    0.739ns
    Source Clock Delay      (SCD):    0.573ns
    Clock Pessimism Removal (CPR):    0.021ns

    Location             Delay type                Incr(ns)  Path(ns)    Netlist Resource(s)
  -------------------------------------------------------------------    -------------------
                         (clock clk_fpga_0 rise edge)
                                                      0.000     0.000 r  
    PS7_X0Y0             PS7                          0.000     0.000 r  top_i/zynq_ps/inst/PS7_i/FCLKCLK[0]
                         net (fo=1, unplaced)         0.337     0.337    top_i/zynq_ps/inst/FCLK_CLK_unbuffered[0]
                         BUFG (Prop_bufg_I_O)         0.026     0.363 r  top_i/zynq_ps/inst/buffer_fclk_clk_0.FCLK_CLK_0_BUFG/O
                         net (fo=116543, unplaced)    0.210     0.573    top_i/StreamingDataflowPartition_1/inst/StreamingDataflowPartition_1_i/StreamingDataflowPartition_1_ConvolutionInputGenerator_rtl_0/inst/impl/window_buffer_inst/ap_clk
                         FDRE                                         r  top_i/StreamingDataflowPartition_1/inst/StreamingDataflowPartition_1_i/StreamingDataflowPartition_1_ConvolutionInputGenerator_rtl_0/inst/impl/window_buffer_inst/Out_reg[10]/C
  -------------------------------------------------------------------    -------------------
                         FDRE (Prop_fdre_C_Q)         0.147     0.720 r  top_i/StreamingDataflowPartition_1/inst/StreamingDataflowPartition_1_i/StreamingDataflowPartition_1_ConvolutionInputGenerator_rtl_0/inst/impl/window_buffer_inst/Out_reg[10]/Q
                         net (fo=2, unplaced)         0.167     0.886    top_i/StreamingDataflowPartition_1/inst/StreamingDataflowPartition_1_i/StreamingDataflowPartition_1_StreamingFIFO_rtl_0/inst/impl/in0_V_TDATA[10]
                         SRLC32E                                      r  top_i/StreamingDataflowPartition_1/inst/StreamingDataflowPartition_1_i/StreamingDataflowPartition_1_StreamingFIFO_rtl_0/inst/impl/srl_reg[126][10]_srl32/D
  -------------------------------------------------------------------    -------------------

                         (clock clk_fpga_0 rise edge)
                                                      0.000     0.000 r  
    PS7_X0Y0             PS7                          0.000     0.000 r  top_i/zynq_ps/inst/PS7_i/FCLKCLK[0]
                         net (fo=1, unplaced)         0.355     0.355    top_i/zynq_ps/inst/FCLK_CLK_unbuffered[0]
                         BUFG (Prop_bufg_I_O)         0.029     0.384 r  top_i/zynq_ps/inst/buffer_fclk_clk_0.FCLK_CLK_0_BUFG/O
                         net (fo=116543, unplaced)    0.355     0.739    top_i/StreamingDataflowPartition_1/inst/StreamingDataflowPartition_1_i/StreamingDataflowPartition_1_StreamingFIFO_rtl_0/inst/impl/ap_clk
                         SRLC32E                                      r  top_i/StreamingDataflowPartition_1/inst/StreamingDataflowPartition_1_i/StreamingDataflowPartition_1_StreamingFIFO_rtl_0/inst/impl/srl_reg[126][10]_srl32/CLK
                         clock pessimism             -0.021     0.718    
                         SRLC32E (Hold_srlc32e_CLK_D)
                                                      0.130     0.848    top_i/StreamingDataflowPartition_1/inst/StreamingDataflowPartition_1_i/StreamingDataflowPartition_1_StreamingFIFO_rtl_0/inst/impl/srl_reg[126][10]_srl32
  -------------------------------------------------------------------
                         required time                         -0.848    
                         arrival time                           0.886    
  -------------------------------------------------------------------
                         slack                                  0.039    

Slack (MET) :             0.039ns  (arrival time - required time)
  Source:                 top_i/StreamingDataflowPartition_1/inst/StreamingDataflowPartition_1_i/StreamingDataflowPartition_1_ConvolutionInputGenerator_rtl_0/inst/impl/window_buffer_inst/Out_reg[11]/C
                            (rising edge-triggered cell FDRE clocked by clk_fpga_0  {rise@0.000ns fall@5.000ns period=10.000ns})
  Destination:            top_i/StreamingDataflowPartition_1/inst/StreamingDataflowPartition_1_i/StreamingDataflowPartition_1_StreamingFIFO_rtl_0/inst/impl/srl_reg[126][11]_srl32/D
                            (rising edge-triggered cell SRLC32E clocked by clk_fpga_0  {rise@0.000ns fall@5.000ns period=10.000ns})
  Path Group:             clk_fpga_0
  Path Type:              Hold (Min at Fast Process Corner)
  Requirement:            0.000ns  (clk_fpga_0 rise@0.000ns - clk_fpga_0 rise@0.000ns)
  Data Path Delay:        0.314ns  (logic 0.147ns (46.890%)  route 0.167ns (53.110%))
  Logic Levels:           0  
  Clock Path Skew:        0.145ns (DCD - SCD - CPR)
    Destination Clock Delay (DCD):    0.739ns
    Source Clock Delay      (SCD):    0.573ns
    Clock Pessimism Removal (CPR):    0.021ns

    Location             Delay type                Incr(ns)  Path(ns)    Netlist Resource(s)
  -------------------------------------------------------------------    -------------------
                         (clock clk_fpga_0 rise edge)
                                                      0.000     0.000 r  
    PS7_X0Y0             PS7                          0.000     0.000 r  top_i/zynq_ps/inst/PS7_i/FCLKCLK[0]
                         net (fo=1, unplaced)         0.337     0.337    top_i/zynq_ps/inst/FCLK_CLK_unbuffered[0]
                         BUFG (Prop_bufg_I_O)         0.026     0.363 r  top_i/zynq_ps/inst/buffer_fclk_clk_0.FCLK_CLK_0_BUFG/O
                         net (fo=116543, unplaced)    0.210     0.573    top_i/StreamingDataflowPartition_1/inst/StreamingDataflowPartition_1_i/StreamingDataflowPartition_1_ConvolutionInputGenerator_rtl_0/inst/impl/window_buffer_inst/ap_clk
                         FDRE                                         r  top_i/StreamingDataflowPartition_1/inst/StreamingDataflowPartition_1_i/StreamingDataflowPartition_1_ConvolutionInputGenerator_rtl_0/inst/impl/window_buffer_inst/Out_reg[11]/C
  -------------------------------------------------------------------    -------------------
                         FDRE (Prop_fdre_C_Q)         0.147     0.720 r  top_i/StreamingDataflowPartition_1/inst/StreamingDataflowPartition_1_i/StreamingDataflowPartition_1_ConvolutionInputGenerator_rtl_0/inst/impl/window_buffer_inst/Out_reg[11]/Q
                         net (fo=2, unplaced)         0.167     0.886    top_i/StreamingDataflowPartition_1/inst/StreamingDataflowPartition_1_i/StreamingDataflowPartition_1_StreamingFIFO_rtl_0/inst/impl/in0_V_TDATA[11]
                         SRLC32E                                      r  top_i/StreamingDataflowPartition_1/inst/StreamingDataflowPartition_1_i/StreamingDataflowPartition_1_StreamingFIFO_rtl_0/inst/impl/srl_reg[126][11]_srl32/D
  -------------------------------------------------------------------    -------------------

                         (clock clk_fpga_0 rise edge)
                                                      0.000     0.000 r  
    PS7_X0Y0             PS7                          0.000     0.000 r  top_i/zynq_ps/inst/PS7_i/FCLKCLK[0]
                         net (fo=1, unplaced)         0.355     0.355    top_i/zynq_ps/inst/FCLK_CLK_unbuffered[0]
                         BUFG (Prop_bufg_I_O)         0.029     0.384 r  top_i/zynq_ps/inst/buffer_fclk_clk_0.FCLK_CLK_0_BUFG/O
                         net (fo=116543, unplaced)    0.355     0.739    top_i/StreamingDataflowPartition_1/inst/StreamingDataflowPartition_1_i/StreamingDataflowPartition_1_StreamingFIFO_rtl_0/inst/impl/ap_clk
                         SRLC32E                                      r  top_i/StreamingDataflowPartition_1/inst/StreamingDataflowPartition_1_i/StreamingDataflowPartition_1_StreamingFIFO_rtl_0/inst/impl/srl_reg[126][11]_srl32/CLK
                         clock pessimism             -0.021     0.718    
                         SRLC32E (Hold_srlc32e_CLK_D)
                                                      0.130     0.848    top_i/StreamingDataflowPartition_1/inst/StreamingDataflowPartition_1_i/StreamingDataflowPartition_1_StreamingFIFO_rtl_0/inst/impl/srl_reg[126][11]_srl32
  -------------------------------------------------------------------
                         required time                         -0.848    
                         arrival time                           0.886    
  -------------------------------------------------------------------
                         slack                                  0.039    





Pulse Width Checks
--------------------------------------------------------------------------------------
Clock Name:         clk_fpga_0
Waveform(ns):       { 0.000 5.000 }
Period(ns):         10.000
Sources:            { top_i/zynq_ps/inst/PS7_i/FCLKCLK[0] }

Check Type        Corner  Lib Pin             Reference Pin  Required(ns)  Actual(ns)  Slack(ns)  Location  Pin
Min Period        n/a     RAMB36E1/CLKARDCLK  n/a            2.944         10.000      7.056                top_i/StreamingDataflowPartition_1/inst/StreamingDataflowPartition_1_i/StreamingDataflowPartition_1_StreamingMaxPool_hls_0/inst/buf_V_U/ram_reg_0/CLKARDCLK
Min Period        n/a     RAMB36E1/CLKBWRCLK  n/a            2.944         10.000      7.056                top_i/StreamingDataflowPartition_1/inst/StreamingDataflowPartition_1_i/StreamingDataflowPartition_1_StreamingMaxPool_hls_0/inst/buf_V_U/ram_reg_0/CLKBWRCLK
Min Period        n/a     RAMB36E1/CLKARDCLK  n/a            2.944         10.000      7.056                top_i/StreamingDataflowPartition_1/inst/StreamingDataflowPartition_1_i/StreamingDataflowPartition_1_StreamingMaxPool_hls_0/inst/buf_V_U/ram_reg_1/CLKARDCLK
Low Pulse Width   Slow    RAMD64E/CLK         n/a            1.250         5.000       3.750                top_i/StreamingDataflowPartition_1/inst/StreamingDataflowPartition_1_i/StreamingDataflowPartition_1_ConvolutionInputGenerator_rtl_0/inst/impl/window_buffer_inst/Ram_reg_0_63_0_2/RAMA/CLK
Low Pulse Width   Fast    RAMD64E/CLK         n/a            1.250         5.000       3.750                top_i/StreamingDataflowPartition_1/inst/StreamingDataflowPartition_1_i/StreamingDataflowPartition_1_ConvolutionInputGenerator_rtl_0/inst/impl/window_buffer_inst/Ram_reg_0_63_0_2/RAMA/CLK
Low Pulse Width   Slow    RAMD64E/CLK         n/a            1.250         5.000       3.750                top_i/StreamingDataflowPartition_1/inst/StreamingDataflowPartition_1_i/StreamingDataflowPartition_1_ConvolutionInputGenerator_rtl_0/inst/impl/window_buffer_inst/Ram_reg_0_63_0_2/RAMB/CLK
High Pulse Width  Slow    RAMD64E/CLK         n/a            1.250         5.000       3.750                top_i/StreamingDataflowPartition_1/inst/StreamingDataflowPartition_1_i/StreamingDataflowPartition_1_ConvolutionInputGenerator_rtl_0/inst/impl/window_buffer_inst/Ram_reg_0_63_0_2/RAMA/CLK
High Pulse Width  Fast    RAMD64E/CLK         n/a            1.250         5.000       3.750                top_i/StreamingDataflowPartition_1/inst/StreamingDataflowPartition_1_i/StreamingDataflowPartition_1_ConvolutionInputGenerator_rtl_0/inst/impl/window_buffer_inst/Ram_reg_0_63_0_2/RAMA/CLK
High Pulse Width  Slow    RAMD64E/CLK         n/a            1.250         5.000       3.750                top_i/StreamingDataflowPartition_1/inst/StreamingDataflowPartition_1_i/StreamingDataflowPartition_1_ConvolutionInputGenerator_rtl_0/inst/impl/window_buffer_inst/Ram_reg_0_63_0_2/RAMB/CLK



---------------------------------------------------------------------------------------------------
Path Group:  **async_default**
From Clock:  clk_fpga_0
  To Clock:  clk_fpga_0

Setup :            0  Failing Endpoints,  Worst Slack        7.292ns,  Total Violation        0.000ns
Hold  :            0  Failing Endpoints,  Worst Slack        0.729ns,  Total Violation        0.000ns
---------------------------------------------------------------------------------------------------


Max Delay Paths
--------------------------------------------------------------------------------------
Slack (MET) :             7.292ns  (required time - arrival time)
  Source:                 top_i/rst_zynq_ps_100M/U0/ACTIVE_LOW_PR_OUT_DFF[0].FDRE_PER_N/C
                            (rising edge-triggered cell FDRE clocked by clk_fpga_0  {rise@0.000ns fall@5.000ns period=10.000ns})
  Destination:            top_i/StreamingDataflowPartition_1/inst/StreamingDataflowPartition_1_i/StreamingDataflowPartition_1_MVAU_hls_8/StreamingDataflowPartition_1_MVAU_hls_8_wstrm/inst/core/config_if/FSM_sequential_state_reg[0]/CLR
                            (recovery check against rising-edge clock clk_fpga_0  {rise@0.000ns fall@5.000ns period=10.000ns})
  Path Group:             **async_default**
  Path Type:              Recovery (Max at Slow Process Corner)
  Requirement:            10.000ns  (clk_fpga_0 rise@10.000ns - clk_fpga_0 rise@0.000ns)
  Data Path Delay:        2.057ns  (logic 0.773ns (37.579%)  route 1.284ns (62.421%))
  Logic Levels:           1  (LUT1=1)
  Clock Path Skew:        -0.145ns (DCD - SCD + CPR)
    Destination Clock Delay (DCD):    1.505ns = ( 11.505 - 10.000 ) 
    Source Clock Delay      (SCD):    1.700ns
    Clock Pessimism Removal (CPR):    0.050ns
  Clock Uncertainty:      0.154ns  ((TSJ^2 + TIJ^2)^1/2 + DJ) / 2 + PE
    Total System Jitter     (TSJ):    0.071ns
    Total Input Jitter      (TIJ):    0.300ns
    Discrete Jitter          (DJ):    0.000ns
    Phase Error              (PE):    0.000ns

    Location             Delay type                Incr(ns)  Path(ns)    Netlist Resource(s)
  -------------------------------------------------------------------    -------------------
                         (clock clk_fpga_0 rise edge)
                                                      0.000     0.000 r  
    PS7_X0Y0             PS7                          0.000     0.000 r  top_i/zynq_ps/inst/PS7_i/FCLKCLK[0]
                         net (fo=1, unplaced)         0.800     0.800    top_i/zynq_ps/inst/FCLK_CLK_unbuffered[0]
                         BUFG (Prop_bufg_I_O)         0.101     0.901 r  top_i/zynq_ps/inst/buffer_fclk_clk_0.FCLK_CLK_0_BUFG/O
                         net (fo=116543, unplaced)    0.800     1.700    top_i/rst_zynq_ps_100M/U0/slowest_sync_clk
                         FDRE                                         r  top_i/rst_zynq_ps_100M/U0/ACTIVE_LOW_PR_OUT_DFF[0].FDRE_PER_N/C
  -------------------------------------------------------------------    -------------------
                         FDRE (Prop_fdre_C_Q)         0.478     2.178 r  top_i/rst_zynq_ps_100M/U0/ACTIVE_LOW_PR_OUT_DFF[0].FDRE_PER_N/Q
                         net (fo=5060, unplaced)      0.451     2.629    top_i/StreamingDataflowPartition_1/inst/StreamingDataflowPartition_1_i/StreamingDataflowPartition_1_MVAU_hls_8/StreamingDataflowPartition_1_MVAU_hls_8_wstrm/inst/core/mem/ap_rst_n
                         LUT1 (Prop_lut1_I0_O)        0.295     2.924 f  top_i/StreamingDataflowPartition_1/inst/StreamingDataflowPartition_1_i/StreamingDataflowPartition_1_MVAU_hls_8/StreamingDataflowPartition_1_MVAU_hls_8_wstrm/inst/core/mem/bvalid_i_1/O
                         net (fo=18, unplaced)        0.833     3.757    top_i/StreamingDataflowPartition_1/inst/StreamingDataflowPartition_1_i/StreamingDataflowPartition_1_MVAU_hls_8/StreamingDataflowPartition_1_MVAU_hls_8_wstrm/inst/core/config_if/bvalid_reg_0
                         FDCE                                         f  top_i/StreamingDataflowPartition_1/inst/StreamingDataflowPartition_1_i/StreamingDataflowPartition_1_MVAU_hls_8/StreamingDataflowPartition_1_MVAU_hls_8_wstrm/inst/core/config_if/FSM_sequential_state_reg[0]/CLR
  -------------------------------------------------------------------    -------------------

                         (clock clk_fpga_0 rise edge)
                                                     10.000    10.000 r  
    PS7_X0Y0             PS7                          0.000    10.000 r  top_i/zynq_ps/inst/PS7_i/FCLKCLK[0]
                         net (fo=1, unplaced)         0.760    10.760    top_i/zynq_ps/inst/FCLK_CLK_unbuffered[0]
                         BUFG (Prop_bufg_I_O)         0.091    10.851 r  top_i/zynq_ps/inst/buffer_fclk_clk_0.FCLK_CLK_0_BUFG/O
                         net (fo=116543, unplaced)    0.655    11.505    top_i/StreamingDataflowPartition_1/inst/StreamingDataflowPartition_1_i/StreamingDataflowPartition_1_MVAU_hls_8/StreamingDataflowPartition_1_MVAU_hls_8_wstrm/inst/core/config_if/ap_clk
                         FDCE                                         r  top_i/StreamingDataflowPartition_1/inst/StreamingDataflowPartition_1_i/StreamingDataflowPartition_1_MVAU_hls_8/StreamingDataflowPartition_1_MVAU_hls_8_wstrm/inst/core/config_if/FSM_sequential_state_reg[0]/C
                         clock pessimism              0.050    11.555    
                         clock uncertainty           -0.154    11.401    
                         FDCE (Recov_fdce_C_CLR)     -0.352    11.049    top_i/StreamingDataflowPartition_1/inst/StreamingDataflowPartition_1_i/StreamingDataflowPartition_1_MVAU_hls_8/StreamingDataflowPartition_1_MVAU_hls_8_wstrm/inst/core/config_if/FSM_sequential_state_reg[0]
  -------------------------------------------------------------------
                         required time                         11.049    
                         arrival time                          -3.757    
  -------------------------------------------------------------------
                         slack                                  7.292    

Slack (MET) :             7.292ns  (required time - arrival time)
  Source:                 top_i/rst_zynq_ps_100M/U0/ACTIVE_LOW_PR_OUT_DFF[0].FDRE_PER_N/C
                            (rising edge-triggered cell FDRE clocked by clk_fpga_0  {rise@0.000ns fall@5.000ns period=10.000ns})
  Destination:            top_i/StreamingDataflowPartition_1/inst/StreamingDataflowPartition_1_i/StreamingDataflowPartition_1_MVAU_hls_8/StreamingDataflowPartition_1_MVAU_hls_8_wstrm/inst/core/config_if/bvalid_reg/CLR
                            (recovery check against rising-edge clock clk_fpga_0  {rise@0.000ns fall@5.000ns period=10.000ns})
  Path Group:             **async_default**
  Path Type:              Recovery (Max at Slow Process Corner)
  Requirement:            10.000ns  (clk_fpga_0 rise@10.000ns - clk_fpga_0 rise@0.000ns)
  Data Path Delay:        2.057ns  (logic 0.773ns (37.579%)  route 1.284ns (62.421%))
  Logic Levels:           1  (LUT1=1)
  Clock Path Skew:        -0.145ns (DCD - SCD + CPR)
    Destination Clock Delay (DCD):    1.505ns = ( 11.505 - 10.000 ) 
    Source Clock Delay      (SCD):    1.700ns
    Clock Pessimism Removal (CPR):    0.050ns
  Clock Uncertainty:      0.154ns  ((TSJ^2 + TIJ^2)^1/2 + DJ) / 2 + PE
    Total System Jitter     (TSJ):    0.071ns
    Total Input Jitter      (TIJ):    0.300ns
    Discrete Jitter          (DJ):    0.000ns
    Phase Error              (PE):    0.000ns

    Location             Delay type                Incr(ns)  Path(ns)    Netlist Resource(s)
  -------------------------------------------------------------------    -------------------
                         (clock clk_fpga_0 rise edge)
                                                      0.000     0.000 r  
    PS7_X0Y0             PS7                          0.000     0.000 r  top_i/zynq_ps/inst/PS7_i/FCLKCLK[0]
                         net (fo=1, unplaced)         0.800     0.800    top_i/zynq_ps/inst/FCLK_CLK_unbuffered[0]
                         BUFG (Prop_bufg_I_O)         0.101     0.901 r  top_i/zynq_ps/inst/buffer_fclk_clk_0.FCLK_CLK_0_BUFG/O
                         net (fo=116543, unplaced)    0.800     1.700    top_i/rst_zynq_ps_100M/U0/slowest_sync_clk
                         FDRE                                         r  top_i/rst_zynq_ps_100M/U0/ACTIVE_LOW_PR_OUT_DFF[0].FDRE_PER_N/C
  -------------------------------------------------------------------    -------------------
                         FDRE (Prop_fdre_C_Q)         0.478     2.178 r  top_i/rst_zynq_ps_100M/U0/ACTIVE_LOW_PR_OUT_DFF[0].FDRE_PER_N/Q
                         net (fo=5060, unplaced)      0.451     2.629    top_i/StreamingDataflowPartition_1/inst/StreamingDataflowPartition_1_i/StreamingDataflowPartition_1_MVAU_hls_8/StreamingDataflowPartition_1_MVAU_hls_8_wstrm/inst/core/mem/ap_rst_n
                         LUT1 (Prop_lut1_I0_O)        0.295     2.924 f  top_i/StreamingDataflowPartition_1/inst/StreamingDataflowPartition_1_i/StreamingDataflowPartition_1_MVAU_hls_8/StreamingDataflowPartition_1_MVAU_hls_8_wstrm/inst/core/mem/bvalid_i_1/O
                         net (fo=18, unplaced)        0.833     3.757    top_i/StreamingDataflowPartition_1/inst/StreamingDataflowPartition_1_i/StreamingDataflowPartition_1_MVAU_hls_8/StreamingDataflowPartition_1_MVAU_hls_8_wstrm/inst/core/config_if/bvalid_reg_0
                         FDCE                                         f  top_i/StreamingDataflowPartition_1/inst/StreamingDataflowPartition_1_i/StreamingDataflowPartition_1_MVAU_hls_8/StreamingDataflowPartition_1_MVAU_hls_8_wstrm/inst/core/config_if/bvalid_reg/CLR
  -------------------------------------------------------------------    -------------------

                         (clock clk_fpga_0 rise edge)
                                                     10.000    10.000 r  
    PS7_X0Y0             PS7                          0.000    10.000 r  top_i/zynq_ps/inst/PS7_i/FCLKCLK[0]
                         net (fo=1, unplaced)         0.760    10.760    top_i/zynq_ps/inst/FCLK_CLK_unbuffered[0]
                         BUFG (Prop_bufg_I_O)         0.091    10.851 r  top_i/zynq_ps/inst/buffer_fclk_clk_0.FCLK_CLK_0_BUFG/O
                         net (fo=116543, unplaced)    0.655    11.505    top_i/StreamingDataflowPartition_1/inst/StreamingDataflowPartition_1_i/StreamingDataflowPartition_1_MVAU_hls_8/StreamingDataflowPartition_1_MVAU_hls_8_wstrm/inst/core/config_if/ap_clk
                         FDCE                                         r  top_i/StreamingDataflowPartition_1/inst/StreamingDataflowPartition_1_i/StreamingDataflowPartition_1_MVAU_hls_8/StreamingDataflowPartition_1_MVAU_hls_8_wstrm/inst/core/config_if/bvalid_reg/C
                         clock pessimism              0.050    11.555    
                         clock uncertainty           -0.154    11.401    
                         FDCE (Recov_fdce_C_CLR)     -0.352    11.049    top_i/StreamingDataflowPartition_1/inst/StreamingDataflowPartition_1_i/StreamingDataflowPartition_1_MVAU_hls_8/StreamingDataflowPartition_1_MVAU_hls_8_wstrm/inst/core/config_if/bvalid_reg
  -------------------------------------------------------------------
                         required time                         11.049    
                         arrival time                          -3.757    
  -------------------------------------------------------------------
                         slack                                  7.292    





Min Delay Paths
--------------------------------------------------------------------------------------
Slack (MET) :             0.729ns  (arrival time - required time)
  Source:                 top_i/rst_zynq_ps_100M/U0/ACTIVE_LOW_PR_OUT_DFF[0].FDRE_PER_N/C
                            (rising edge-triggered cell FDRE clocked by clk_fpga_0  {rise@0.000ns fall@5.000ns period=10.000ns})
  Destination:            top_i/StreamingDataflowPartition_1/inst/StreamingDataflowPartition_1_i/StreamingDataflowPartition_1_MVAU_hls_8/StreamingDataflowPartition_1_MVAU_hls_8_wstrm/inst/core/config_if/FSM_sequential_state_reg[0]/CLR
                            (removal check against rising-edge clock clk_fpga_0  {rise@0.000ns fall@5.000ns period=10.000ns})
  Path Group:             **async_default**
  Path Type:              Removal (Min at Fast Process Corner)
  Requirement:            0.000ns  (clk_fpga_0 rise@0.000ns - clk_fpga_0 rise@0.000ns)
  Data Path Delay:        0.786ns  (logic 0.245ns (31.161%)  route 0.541ns (68.839%))
  Logic Levels:           1  (LUT1=1)
  Clock Path Skew:        0.145ns (DCD - SCD - CPR)
    Destination Clock Delay (DCD):    0.739ns
    Source Clock Delay      (SCD):    0.573ns
    Clock Pessimism Removal (CPR):    0.021ns

    Location             Delay type                Incr(ns)  Path(ns)    Netlist Resource(s)
  -------------------------------------------------------------------    -------------------
                         (clock clk_fpga_0 rise edge)
                                                      0.000     0.000 r  
    PS7_X0Y0             PS7                          0.000     0.000 r  top_i/zynq_ps/inst/PS7_i/FCLKCLK[0]
                         net (fo=1, unplaced)         0.337     0.337    top_i/zynq_ps/inst/FCLK_CLK_unbuffered[0]
                         BUFG (Prop_bufg_I_O)         0.026     0.363 r  top_i/zynq_ps/inst/buffer_fclk_clk_0.FCLK_CLK_0_BUFG/O
                         net (fo=116543, unplaced)    0.210     0.573    top_i/rst_zynq_ps_100M/U0/slowest_sync_clk
                         FDRE                                         r  top_i/rst_zynq_ps_100M/U0/ACTIVE_LOW_PR_OUT_DFF[0].FDRE_PER_N/C
  -------------------------------------------------------------------    -------------------
                         FDRE (Prop_fdre_C_Q)         0.147     0.720 r  top_i/rst_zynq_ps_100M/U0/ACTIVE_LOW_PR_OUT_DFF[0].FDRE_PER_N/Q
                         net (fo=5060, unplaced)      0.190     0.910    top_i/StreamingDataflowPartition_1/inst/StreamingDataflowPartition_1_i/StreamingDataflowPartition_1_MVAU_hls_8/StreamingDataflowPartition_1_MVAU_hls_8_wstrm/inst/core/mem/ap_rst_n
                         LUT1 (Prop_lut1_I0_O)        0.098     1.008 f  top_i/StreamingDataflowPartition_1/inst/StreamingDataflowPartition_1_i/StreamingDataflowPartition_1_MVAU_hls_8/StreamingDataflowPartition_1_MVAU_hls_8_wstrm/inst/core/mem/bvalid_i_1/O
                         net (fo=18, unplaced)        0.351     1.359    top_i/StreamingDataflowPartition_1/inst/StreamingDataflowPartition_1_i/StreamingDataflowPartition_1_MVAU_hls_8/StreamingDataflowPartition_1_MVAU_hls_8_wstrm/inst/core/config_if/bvalid_reg_0
                         FDCE                                         f  top_i/StreamingDataflowPartition_1/inst/StreamingDataflowPartition_1_i/StreamingDataflowPartition_1_MVAU_hls_8/StreamingDataflowPartition_1_MVAU_hls_8_wstrm/inst/core/config_if/FSM_sequential_state_reg[0]/CLR
  -------------------------------------------------------------------    -------------------

                         (clock clk_fpga_0 rise edge)
                                                      0.000     0.000 r  
    PS7_X0Y0             PS7                          0.000     0.000 r  top_i/zynq_ps/inst/PS7_i/FCLKCLK[0]
                         net (fo=1, unplaced)         0.355     0.355    top_i/zynq_ps/inst/FCLK_CLK_unbuffered[0]
                         BUFG (Prop_bufg_I_O)         0.029     0.384 r  top_i/zynq_ps/inst/buffer_fclk_clk_0.FCLK_CLK_0_BUFG/O
                         net (fo=116543, unplaced)    0.355     0.739    top_i/StreamingDataflowPartition_1/inst/StreamingDataflowPartition_1_i/StreamingDataflowPartition_1_MVAU_hls_8/StreamingDataflowPartition_1_MVAU_hls_8_wstrm/inst/core/config_if/ap_clk
                         FDCE                                         r  top_i/StreamingDataflowPartition_1/inst/StreamingDataflowPartition_1_i/StreamingDataflowPartition_1_MVAU_hls_8/StreamingDataflowPartition_1_MVAU_hls_8_wstrm/inst/core/config_if/FSM_sequential_state_reg[0]/C
                         clock pessimism             -0.021     0.718    
                         FDCE (Remov_fdce_C_CLR)     -0.088     0.630    top_i/StreamingDataflowPartition_1/inst/StreamingDataflowPartition_1_i/StreamingDataflowPartition_1_MVAU_hls_8/StreamingDataflowPartition_1_MVAU_hls_8_wstrm/inst/core/config_if/FSM_sequential_state_reg[0]
  -------------------------------------------------------------------
                         required time                         -0.630    
                         arrival time                           1.359    
  -------------------------------------------------------------------
                         slack                                  0.729    

Slack (MET) :             0.729ns  (arrival time - required time)
  Source:                 top_i/rst_zynq_ps_100M/U0/ACTIVE_LOW_PR_OUT_DFF[0].FDRE_PER_N/C
                            (rising edge-triggered cell FDRE clocked by clk_fpga_0  {rise@0.000ns fall@5.000ns period=10.000ns})
  Destination:            top_i/StreamingDataflowPartition_1/inst/StreamingDataflowPartition_1_i/StreamingDataflowPartition_1_MVAU_hls_8/StreamingDataflowPartition_1_MVAU_hls_8_wstrm/inst/core/config_if/bvalid_reg/CLR
                            (removal check against rising-edge clock clk_fpga_0  {rise@0.000ns fall@5.000ns period=10.000ns})
  Path Group:             **async_default**
  Path Type:              Removal (Min at Fast Process Corner)
  Requirement:            0.000ns  (clk_fpga_0 rise@0.000ns - clk_fpga_0 rise@0.000ns)
  Data Path Delay:        0.786ns  (logic 0.245ns (31.161%)  route 0.541ns (68.839%))
  Logic Levels:           1  (LUT1=1)
  Clock Path Skew:        0.145ns (DCD - SCD - CPR)
    Destination Clock Delay (DCD):    0.739ns
    Source Clock Delay      (SCD):    0.573ns
    Clock Pessimism Removal (CPR):    0.021ns

    Location             Delay type                Incr(ns)  Path(ns)    Netlist Resource(s)
  -------------------------------------------------------------------    -------------------
                         (clock clk_fpga_0 rise edge)
                                                      0.000     0.000 r  
    PS7_X0Y0             PS7                          0.000     0.000 r  top_i/zynq_ps/inst/PS7_i/FCLKCLK[0]
                         net (fo=1, unplaced)         0.337     0.337    top_i/zynq_ps/inst/FCLK_CLK_unbuffered[0]
                         BUFG (Prop_bufg_I_O)         0.026     0.363 r  top_i/zynq_ps/inst/buffer_fclk_clk_0.FCLK_CLK_0_BUFG/O
                         net (fo=116543, unplaced)    0.210     0.573    top_i/rst_zynq_ps_100M/U0/slowest_sync_clk
                         FDRE                                         r  top_i/rst_zynq_ps_100M/U0/ACTIVE_LOW_PR_OUT_DFF[0].FDRE_PER_N/C
  -------------------------------------------------------------------    -------------------
                         FDRE (Prop_fdre_C_Q)         0.147     0.720 r  top_i/rst_zynq_ps_100M/U0/ACTIVE_LOW_PR_OUT_DFF[0].FDRE_PER_N/Q
                         net (fo=5060, unplaced)      0.190     0.910    top_i/StreamingDataflowPartition_1/inst/StreamingDataflowPartition_1_i/StreamingDataflowPartition_1_MVAU_hls_8/StreamingDataflowPartition_1_MVAU_hls_8_wstrm/inst/core/mem/ap_rst_n
                         LUT1 (Prop_lut1_I0_O)        0.098     1.008 f  top_i/StreamingDataflowPartition_1/inst/StreamingDataflowPartition_1_i/StreamingDataflowPartition_1_MVAU_hls_8/StreamingDataflowPartition_1_MVAU_hls_8_wstrm/inst/core/mem/bvalid_i_1/O
                         net (fo=18, unplaced)        0.351     1.359    top_i/StreamingDataflowPartition_1/inst/StreamingDataflowPartition_1_i/StreamingDataflowPartition_1_MVAU_hls_8/StreamingDataflowPartition_1_MVAU_hls_8_wstrm/inst/core/config_if/bvalid_reg_0
                         FDCE                                         f  top_i/StreamingDataflowPartition_1/inst/StreamingDataflowPartition_1_i/StreamingDataflowPartition_1_MVAU_hls_8/StreamingDataflowPartition_1_MVAU_hls_8_wstrm/inst/core/config_if/bvalid_reg/CLR
  -------------------------------------------------------------------    -------------------

                         (clock clk_fpga_0 rise edge)
                                                      0.000     0.000 r  
    PS7_X0Y0             PS7                          0.000     0.000 r  top_i/zynq_ps/inst/PS7_i/FCLKCLK[0]
                         net (fo=1, unplaced)         0.355     0.355    top_i/zynq_ps/inst/FCLK_CLK_unbuffered[0]
                         BUFG (Prop_bufg_I_O)         0.029     0.384 r  top_i/zynq_ps/inst/buffer_fclk_clk_0.FCLK_CLK_0_BUFG/O
                         net (fo=116543, unplaced)    0.355     0.739    top_i/StreamingDataflowPartition_1/inst/StreamingDataflowPartition_1_i/StreamingDataflowPartition_1_MVAU_hls_8/StreamingDataflowPartition_1_MVAU_hls_8_wstrm/inst/core/config_if/ap_clk
                         FDCE                                         r  top_i/StreamingDataflowPartition_1/inst/StreamingDataflowPartition_1_i/StreamingDataflowPartition_1_MVAU_hls_8/StreamingDataflowPartition_1_MVAU_hls_8_wstrm/inst/core/config_if/bvalid_reg/C
                         clock pessimism             -0.021     0.718    
                         FDCE (Remov_fdce_C_CLR)     -0.088     0.630    top_i/StreamingDataflowPartition_1/inst/StreamingDataflowPartition_1_i/StreamingDataflowPartition_1_MVAU_hls_8/StreamingDataflowPartition_1_MVAU_hls_8_wstrm/inst/core/config_if/bvalid_reg
  -------------------------------------------------------------------
                         required time                         -0.630    
                         arrival time                           1.359    
  -------------------------------------------------------------------
                         slack                                  0.729    





